2021-03-16T03:50:21.647Z - info: Website generation (lazy) started at 11:50:15 AM
2021-03-16T03:50:31.260Z - info: Building assets...
2021-03-16T03:50:38.693Z - info: Assets built
2021-03-16T03:50:38.694Z - info: Generating landing page...
2021-03-16T03:50:40.354Z - info: Landing page built, other pages will be built as you navigate to them!
2021-03-16T03:50:40.861Z - info: Site data built
2021-03-16T03:50:40.861Z - info: Website generation (lazy) complete! Total build time: 25.106s
2021-03-16T03:50:41.775Z - info: Serving "C:\repos\nus-cs2103-AY2021S1\cs2103-website\_site" at http://127.0.0.1:8080
2021-03-16T03:50:41.776Z - info: Press CTRL+C to stop ...
2021-03-16T03:51:38.361Z - info: [11:51:38 AM] Reload for file change: C:\repos\nus-cs2103-AY2021S1\cs2103-website\admin\appendixE-gitHub.md
2021-03-16T03:51:39.373Z - info: Assets built
2021-03-16T03:52:50.104Z - info: [11:52:50 AM] Reload for file change: C:\repos\nus-cs2103-AY2021S1\cs2103-website\admin\appendixE-gitHub.md
2021-03-16T03:52:51.134Z - info: Assets built
2021-03-16T03:52:57.874Z - info: Building C:\repos\nus-cs2103-AY2021S1\cs2103-website\admin\index as some of its dependencies were changed since the last visit
2021-03-16T03:52:58.711Z - info: Site data built
2021-03-16T03:52:58.712Z - info: Lazy website regeneration complete! Total build time: 0.838s
2021-03-16T03:53:02.068Z - info: Building C:\repos\nus-cs2103-AY2021S1\cs2103-website\admin\appendixF-teamworkIssues as some of its dependencies were changed since the last visit
2021-03-16T03:53:02.290Z - info: Site data built
2021-03-16T03:53:02.291Z - info: Lazy website regeneration complete! Total build time: 0.223s
2021-03-16T03:53:08.532Z - info: Building C:\repos\nus-cs2103-AY2021S1\cs2103-website\admin\appendixE-gitHub as some of its dependencies were changed since the last visit
2021-03-16T03:53:09.491Z - info: Site data built
2021-03-16T03:53:09.491Z - info: Lazy website regeneration complete! Total build time: 0.96s
2021-03-16T03:53:51.814Z - info: [11:53:51 AM] Reload for file change: C:\repos\nus-cs2103-AY2021S1\cs2103-website\admin\appendixE-gitHub.md
2021-03-16T03:53:52.818Z - info: Rebuilding 1 pages
2021-03-16T03:53:53.994Z - info: Site data built
2021-03-16T03:53:53.995Z - info: Pages rebuilt
2021-03-16T03:53:53.995Z - info: Website regeneration complete! Total build time: 1.179s
2021-03-16T03:54:43.181Z - info: Website generation started at 11:54:39 AM
2021-03-16T03:54:53.183Z - info: Building assets...
