2021-03-12T17:20:05.400Z - info: Website generation started at 1:19:54 AM
2021-03-12T17:20:19.223Z - info: Building assets...
2021-03-12T17:20:27.191Z - info: Assets built
2021-03-12T17:20:27.192Z - info: Generating pages...
2021-03-12T17:20:40.239Z - debug:  
2021-03-12T17:20:40.239Z - debug:  
2021-03-12T17:20:40.239Z - debug:  
2021-03-12T17:20:40.239Z - debug:  
2021-03-12T17:20:40.240Z - debug:  
2021-03-12T17:20:41.784Z - debug:  
2021-03-12T17:21:24.293Z - warn: You might have an invalid intra-link! Ignore this warning if it was intended.
'/website/book/about/usage.html' found in file 'C:\repos\nus-cs2103-AY2021S1\cs2103-website\book\index.md'
2021-03-12T17:21:24.295Z - warn: You might have an invalid intra-link! Ignore this warning if it was intended.
'/website/book/softwareEngineering/print.html' found in file 'C:\repos\nus-cs2103-AY2021S1\cs2103-website\book\index.md'
2021-03-12T17:21:24.296Z - warn: You might have an invalid intra-link! Ignore this warning if it was intended.
'/website/book/oop/print.html' found in file 'C:\repos\nus-cs2103-AY2021S1\cs2103-website\book\index.md'
2021-03-12T17:21:24.297Z - warn: You might have an invalid intra-link! Ignore this warning if it was intended.
'/website/book/requirements/print.html' found in file 'C:\repos\nus-cs2103-AY2021S1\cs2103-website\book\index.md'
2021-03-12T17:21:24.298Z - warn: You might have an invalid intra-link! Ignore this warning if it was intended.
'/website/book/gatheringRequirements/print.html' found in file 'C:\repos\nus-cs2103-AY2021S1\cs2103-website\book\index.md'
2021-03-12T17:21:24.299Z - warn: You might have an invalid intra-link! Ignore this warning if it was intended.
'/website/book/specifyingRequirements/print.html' found in file 'C:\repos\nus-cs2103-AY2021S1\cs2103-website\book\index.md'
2021-03-12T17:21:24.300Z - warn: You might have an invalid intra-link! Ignore this warning if it was intended.
'/website/book/design/print.html' found in file 'C:\repos\nus-cs2103-AY2021S1\cs2103-website\book\index.md'
2021-03-12T17:21:24.300Z - warn: You might have an invalid intra-link! Ignore this warning if it was intended.
'/website/book/designFundamentals/print.html' found in file 'C:\repos\nus-cs2103-AY2021S1\cs2103-website\book\index.md'
2021-03-12T17:21:24.301Z - warn: You might have an invalid intra-link! Ignore this warning if it was intended.
'/website/book/modeling/print.html' found in file 'C:\repos\nus-cs2103-AY2021S1\cs2103-website\book\index.md'
2021-03-12T17:21:24.302Z - warn: You might have an invalid intra-link! Ignore this warning if it was intended.
'/website/book/architecture/print.html' found in file 'C:\repos\nus-cs2103-AY2021S1\cs2103-website\book\index.md'
2021-03-12T17:21:24.302Z - warn: You might have an invalid intra-link! Ignore this warning if it was intended.
'/website/book/designPatterns/print.html' found in file 'C:\repos\nus-cs2103-AY2021S1\cs2103-website\book\index.md'
2021-03-12T17:21:24.303Z - warn: You might have an invalid intra-link! Ignore this warning if it was intended.
'/website/book/designApproaches/print.html' found in file 'C:\repos\nus-cs2103-AY2021S1\cs2103-website\book\index.md'
2021-03-12T17:21:24.304Z - warn: You might have an invalid intra-link! Ignore this warning if it was intended.
'/website/book/ides/print.html' found in file 'C:\repos\nus-cs2103-AY2021S1\cs2103-website\book\index.md'
2021-03-12T17:21:24.304Z - warn: You might have an invalid intra-link! Ignore this warning if it was intended.
'/website/book/codeQuality/print.html' found in file 'C:\repos\nus-cs2103-AY2021S1\cs2103-website\book\index.md'
2021-03-12T17:21:24.305Z - warn: You might have an invalid intra-link! Ignore this warning if it was intended.
'/website/book/refactoring/print.html' found in file 'C:\repos\nus-cs2103-AY2021S1\cs2103-website\book\index.md'
2021-03-12T17:21:24.305Z - warn: You might have an invalid intra-link! Ignore this warning if it was intended.
'/website/book/documentation/print.html' found in file 'C:\repos\nus-cs2103-AY2021S1\cs2103-website\book\index.md'
2021-03-12T17:21:24.306Z - warn: You might have an invalid intra-link! Ignore this warning if it was intended.
'/website/book/errorHandling/print.html' found in file 'C:\repos\nus-cs2103-AY2021S1\cs2103-website\book\index.md'
2021-03-12T17:21:24.306Z - warn: You might have an invalid intra-link! Ignore this warning if it was intended.
'/website/book/integration/print.html' found in file 'C:\repos\nus-cs2103-AY2021S1\cs2103-website\book\index.md'
2021-03-12T17:21:24.307Z - warn: You might have an invalid intra-link! Ignore this warning if it was intended.
'/website/book/reuse/print.html' found in file 'C:\repos\nus-cs2103-AY2021S1\cs2103-website\book\index.md'
2021-03-12T17:21:24.307Z - warn: You might have an invalid intra-link! Ignore this warning if it was intended.
'/website/book/qualityAssurance/print.html' found in file 'C:\repos\nus-cs2103-AY2021S1\cs2103-website\book\index.md'
2021-03-12T17:21:24.308Z - warn: You might have an invalid intra-link! Ignore this warning if it was intended.
'/website/book/testing/print.html' found in file 'C:\repos\nus-cs2103-AY2021S1\cs2103-website\book\index.md'
2021-03-12T17:21:24.308Z - warn: You might have an invalid intra-link! Ignore this warning if it was intended.
'/website/book/testCaseDesign/print.html' found in file 'C:\repos\nus-cs2103-AY2021S1\cs2103-website\book\index.md'
2021-03-12T17:21:24.309Z - warn: You might have an invalid intra-link! Ignore this warning if it was intended.
'/website/book/revisionControl/print.html' found in file 'C:\repos\nus-cs2103-AY2021S1\cs2103-website\book\index.md'
2021-03-12T17:21:24.310Z - warn: You might have an invalid intra-link! Ignore this warning if it was intended.
'/website/book/projectPlanning/print.html' found in file 'C:\repos\nus-cs2103-AY2021S1\cs2103-website\book\index.md'
2021-03-12T17:21:24.310Z - warn: You might have an invalid intra-link! Ignore this warning if it was intended.
'/website/book/teamwork/print.html' found in file 'C:\repos\nus-cs2103-AY2021S1\cs2103-website\book\index.md'
2021-03-12T17:21:24.311Z - warn: You might have an invalid intra-link! Ignore this warning if it was intended.
'/website/book/processModels/print.html' found in file 'C:\repos\nus-cs2103-AY2021S1\cs2103-website\book\index.md'
2021-03-12T17:21:24.312Z - warn: You might have an invalid intra-link! Ignore this warning if it was intended.
'/website/book/uml/print.html' found in file 'C:\repos\nus-cs2103-AY2021S1\cs2103-website\book\index.md'
2021-03-12T17:21:24.312Z - warn: You might have an invalid intra-link! Ignore this warning if it was intended.
'/website/book/intellij/print.html' found in file 'C:\repos\nus-cs2103-AY2021S1\cs2103-website\book\index.md'
2021-03-12T17:21:24.313Z - warn: You might have an invalid intra-link! Ignore this warning if it was intended.
'/website/book/gitAndGithub/print.html' found in file 'C:\repos\nus-cs2103-AY2021S1\cs2103-website\book\index.md'
2021-03-12T17:21:24.314Z - warn: You might have an invalid intra-link! Ignore this warning if it was intended.
'/website/book/principles/print.html' found in file 'C:\repos\nus-cs2103-AY2021S1\cs2103-website\book\index.md'
2021-03-12T17:21:24.316Z - warn: You might have an invalid intra-link! Ignore this warning if it was intended.
'/website/book/cppToJava/print.html' found in file 'C:\repos\nus-cs2103-AY2021S1\cs2103-website\book\index.md'
2021-03-12T17:21:24.318Z - warn: You might have an invalid intra-link! Ignore this warning if it was intended.
'/website/book/common/definitions.html' found in file 'C:\repos\nus-cs2103-AY2021S1\cs2103-website\book\index.md'
2021-03-12T17:21:24.318Z - warn: You might have an invalid intra-link! Ignore this warning if it was intended.
'/website/book/common/references.html' found in file 'C:\repos\nus-cs2103-AY2021S1\cs2103-website\book\index.md'
2021-03-12T17:21:24.318Z - warn: You might have an invalid intra-link! Ignore this warning if it was intended.
'/website/book/common/outcomes.html' found in file 'C:\repos\nus-cs2103-AY2021S1\cs2103-website\book\index.md'
2021-03-12T17:21:24.319Z - warn: You might have an invalid intra-link! Ignore this warning if it was intended.
'/website/book/common/print.html' found in file 'C:\repos\nus-cs2103-AY2021S1\cs2103-website\book\index.md'
2021-03-12T17:22:50.505Z - debug:  
2021-03-12T17:23:04.439Z - debug:  
2021-03-12T17:23:04.439Z - debug:  
2021-03-12T17:23:10.739Z - info: Pages built
2021-03-12T17:23:11.800Z - info: Site data built
2021-03-12T17:23:11.800Z - info: Website generation complete! Total build time: 197.572s
2021-03-12T17:23:11.801Z - info: Build success!
2021-03-12T17:23:17.737Z - info: Deployed at https://nus-tic4002-ay2021s2.github.io/website!
2021-03-12T17:24:58.866Z - info: Website generation started at 1:24:53 AM
2021-03-12T17:25:10.205Z - info: Building assets...
2021-03-12T17:25:20.471Z - info: Assets built
2021-03-12T17:25:20.472Z - info: Generating pages...
2021-03-12T17:25:35.475Z - debug:  
2021-03-12T17:25:35.475Z - debug:  
2021-03-12T17:25:35.475Z - debug:  
2021-03-12T17:25:35.475Z - debug:  
2021-03-12T17:25:35.475Z - debug:  
2021-03-12T17:25:35.688Z - debug:  
2021-03-12T17:26:11.587Z - warn: You might have an invalid intra-link! Ignore this warning if it was intended.
'/website/book/about/usage.html' found in file 'C:\repos\nus-cs2103-AY2021S1\cs2103-website\book\index.md'
2021-03-12T17:26:11.589Z - warn: You might have an invalid intra-link! Ignore this warning if it was intended.
'/website/book/softwareEngineering/print.html' found in file 'C:\repos\nus-cs2103-AY2021S1\cs2103-website\book\index.md'
2021-03-12T17:26:11.590Z - warn: You might have an invalid intra-link! Ignore this warning if it was intended.
'/website/book/oop/print.html' found in file 'C:\repos\nus-cs2103-AY2021S1\cs2103-website\book\index.md'
2021-03-12T17:26:11.591Z - warn: You might have an invalid intra-link! Ignore this warning if it was intended.
'/website/book/requirements/print.html' found in file 'C:\repos\nus-cs2103-AY2021S1\cs2103-website\book\index.md'
2021-03-12T17:26:11.592Z - warn: You might have an invalid intra-link! Ignore this warning if it was intended.
'/website/book/gatheringRequirements/print.html' found in file 'C:\repos\nus-cs2103-AY2021S1\cs2103-website\book\index.md'
2021-03-12T17:26:11.592Z - warn: You might have an invalid intra-link! Ignore this warning if it was intended.
'/website/book/specifyingRequirements/print.html' found in file 'C:\repos\nus-cs2103-AY2021S1\cs2103-website\book\index.md'
2021-03-12T17:26:11.593Z - warn: You might have an invalid intra-link! Ignore this warning if it was intended.
'/website/book/design/print.html' found in file 'C:\repos\nus-cs2103-AY2021S1\cs2103-website\book\index.md'
2021-03-12T17:26:11.594Z - warn: You might have an invalid intra-link! Ignore this warning if it was intended.
'/website/book/designFundamentals/print.html' found in file 'C:\repos\nus-cs2103-AY2021S1\cs2103-website\book\index.md'
2021-03-12T17:26:11.594Z - warn: You might have an invalid intra-link! Ignore this warning if it was intended.
'/website/book/modeling/print.html' found in file 'C:\repos\nus-cs2103-AY2021S1\cs2103-website\book\index.md'
2021-03-12T17:26:11.595Z - warn: You might have an invalid intra-link! Ignore this warning if it was intended.
'/website/book/architecture/print.html' found in file 'C:\repos\nus-cs2103-AY2021S1\cs2103-website\book\index.md'
2021-03-12T17:26:11.595Z - warn: You might have an invalid intra-link! Ignore this warning if it was intended.
'/website/book/designPatterns/print.html' found in file 'C:\repos\nus-cs2103-AY2021S1\cs2103-website\book\index.md'
2021-03-12T17:26:11.596Z - warn: You might have an invalid intra-link! Ignore this warning if it was intended.
'/website/book/designApproaches/print.html' found in file 'C:\repos\nus-cs2103-AY2021S1\cs2103-website\book\index.md'
2021-03-12T17:26:11.597Z - warn: You might have an invalid intra-link! Ignore this warning if it was intended.
'/website/book/ides/print.html' found in file 'C:\repos\nus-cs2103-AY2021S1\cs2103-website\book\index.md'
2021-03-12T17:26:11.597Z - warn: You might have an invalid intra-link! Ignore this warning if it was intended.
'/website/book/codeQuality/print.html' found in file 'C:\repos\nus-cs2103-AY2021S1\cs2103-website\book\index.md'
2021-03-12T17:26:11.600Z - warn: You might have an invalid intra-link! Ignore this warning if it was intended.
'/website/book/refactoring/print.html' found in file 'C:\repos\nus-cs2103-AY2021S1\cs2103-website\book\index.md'
2021-03-12T17:26:11.601Z - warn: You might have an invalid intra-link! Ignore this warning if it was intended.
'/website/book/documentation/print.html' found in file 'C:\repos\nus-cs2103-AY2021S1\cs2103-website\book\index.md'
2021-03-12T17:26:11.602Z - warn: You might have an invalid intra-link! Ignore this warning if it was intended.
'/website/book/errorHandling/print.html' found in file 'C:\repos\nus-cs2103-AY2021S1\cs2103-website\book\index.md'
2021-03-12T17:26:11.602Z - warn: You might have an invalid intra-link! Ignore this warning if it was intended.
'/website/book/integration/print.html' found in file 'C:\repos\nus-cs2103-AY2021S1\cs2103-website\book\index.md'
2021-03-12T17:26:11.603Z - warn: You might have an invalid intra-link! Ignore this warning if it was intended.
'/website/book/reuse/print.html' found in file 'C:\repos\nus-cs2103-AY2021S1\cs2103-website\book\index.md'
2021-03-12T17:26:11.603Z - warn: You might have an invalid intra-link! Ignore this warning if it was intended.
'/website/book/qualityAssurance/print.html' found in file 'C:\repos\nus-cs2103-AY2021S1\cs2103-website\book\index.md'
2021-03-12T17:26:11.604Z - warn: You might have an invalid intra-link! Ignore this warning if it was intended.
'/website/book/testing/print.html' found in file 'C:\repos\nus-cs2103-AY2021S1\cs2103-website\book\index.md'
2021-03-12T17:26:11.604Z - warn: You might have an invalid intra-link! Ignore this warning if it was intended.
'/website/book/testCaseDesign/print.html' found in file 'C:\repos\nus-cs2103-AY2021S1\cs2103-website\book\index.md'
2021-03-12T17:26:11.605Z - warn: You might have an invalid intra-link! Ignore this warning if it was intended.
'/website/book/revisionControl/print.html' found in file 'C:\repos\nus-cs2103-AY2021S1\cs2103-website\book\index.md'
2021-03-12T17:26:11.606Z - warn: You might have an invalid intra-link! Ignore this warning if it was intended.
'/website/book/projectPlanning/print.html' found in file 'C:\repos\nus-cs2103-AY2021S1\cs2103-website\book\index.md'
2021-03-12T17:26:11.606Z - warn: You might have an invalid intra-link! Ignore this warning if it was intended.
'/website/book/teamwork/print.html' found in file 'C:\repos\nus-cs2103-AY2021S1\cs2103-website\book\index.md'
2021-03-12T17:26:11.607Z - warn: You might have an invalid intra-link! Ignore this warning if it was intended.
'/website/book/processModels/print.html' found in file 'C:\repos\nus-cs2103-AY2021S1\cs2103-website\book\index.md'
2021-03-12T17:26:11.607Z - warn: You might have an invalid intra-link! Ignore this warning if it was intended.
'/website/book/uml/print.html' found in file 'C:\repos\nus-cs2103-AY2021S1\cs2103-website\book\index.md'
2021-03-12T17:26:11.608Z - warn: You might have an invalid intra-link! Ignore this warning if it was intended.
'/website/book/intellij/print.html' found in file 'C:\repos\nus-cs2103-AY2021S1\cs2103-website\book\index.md'
2021-03-12T17:26:11.609Z - warn: You might have an invalid intra-link! Ignore this warning if it was intended.
'/website/book/gitAndGithub/print.html' found in file 'C:\repos\nus-cs2103-AY2021S1\cs2103-website\book\index.md'
2021-03-12T17:26:11.609Z - warn: You might have an invalid intra-link! Ignore this warning if it was intended.
'/website/book/principles/print.html' found in file 'C:\repos\nus-cs2103-AY2021S1\cs2103-website\book\index.md'
2021-03-12T17:26:11.610Z - warn: You might have an invalid intra-link! Ignore this warning if it was intended.
'/website/book/cppToJava/print.html' found in file 'C:\repos\nus-cs2103-AY2021S1\cs2103-website\book\index.md'
2021-03-12T17:26:11.611Z - warn: You might have an invalid intra-link! Ignore this warning if it was intended.
'/website/book/common/definitions.html' found in file 'C:\repos\nus-cs2103-AY2021S1\cs2103-website\book\index.md'
2021-03-12T17:26:11.611Z - warn: You might have an invalid intra-link! Ignore this warning if it was intended.
'/website/book/common/references.html' found in file 'C:\repos\nus-cs2103-AY2021S1\cs2103-website\book\index.md'
2021-03-12T17:26:11.611Z - warn: You might have an invalid intra-link! Ignore this warning if it was intended.
'/website/book/common/outcomes.html' found in file 'C:\repos\nus-cs2103-AY2021S1\cs2103-website\book\index.md'
2021-03-12T17:26:11.612Z - warn: You might have an invalid intra-link! Ignore this warning if it was intended.
'/website/book/common/print.html' found in file 'C:\repos\nus-cs2103-AY2021S1\cs2103-website\book\index.md'
2021-03-12T17:28:13.769Z - debug:  
2021-03-12T17:28:30.434Z - debug:  
2021-03-12T17:28:30.434Z - debug:  
2021-03-12T17:28:40.754Z - info: Pages built
2021-03-12T17:28:41.228Z - info: Site data built
2021-03-12T17:28:41.228Z - info: Website generation complete! Total build time: 227.928s
2021-03-12T17:28:41.228Z - info: Build success!
2021-03-12T17:28:46.604Z - info: Deployed at https://nus-cs2103-ay2021s2.github.io/website!
2021-03-12T17:32:43.827Z - info: Website generation started at 1:32:37 AM
2021-03-12T17:32:52.967Z - info: Building assets...
