2021-03-17T16:01:28.347Z - info: [12:01:28 AM] Reload for file change: C:\repos\nus-cs2103-AY2021S1\cs2103-website\admin\appendixE-gitHub.md
2021-03-17T16:01:29.379Z - info: Rebuilding 1 pages
2021-03-17T16:01:30.842Z - info: Site data built
2021-03-17T16:01:30.843Z - info: Pages rebuilt
2021-03-17T16:01:30.843Z - info: Website regeneration complete! Total build time: 1.465s
2021-03-17T16:03:11.619Z - info: [12:03:11 AM] Reload for file change: C:\repos\nus-cs2103-AY2021S1\cs2103-website\admin\tp-tasks.mbdf
2021-03-17T16:03:12.624Z - info: Rebuilding 1 pages
2021-03-17T16:03:14.034Z - info: Site data built
2021-03-17T16:03:14.034Z - info: Pages rebuilt
2021-03-17T16:03:14.035Z - info: Website regeneration complete! Total build time: 1.412s
2021-03-17T16:04:03.309Z - info: [12:04:03 AM] Reload for file change: C:\repos\nus-cs2103-AY2021S1\cs2103-website\admin\tp-tasks.mbdf
2021-03-17T16:04:04.316Z - info: Rebuilding 1 pages
2021-03-17T16:04:05.746Z - info: Site data built
2021-03-17T16:04:05.747Z - info: Pages rebuilt
2021-03-17T16:04:05.747Z - info: Website regeneration complete! Total build time: 1.435s
2021-03-17T16:06:18.887Z - info: [12:06:18 AM] Reload for file change: C:\repos\nus-cs2103-AY2021S1\cs2103-website\admin\tp-tasks.mbdf
2021-03-17T16:06:19.898Z - info: Rebuilding 1 pages
2021-03-17T16:06:21.638Z - info: Site data built
2021-03-17T16:06:21.639Z - info: Pages rebuilt
2021-03-17T16:06:21.639Z - info: Website regeneration complete! Total build time: 1.745s
2021-03-17T16:07:32.770Z - info: [12:07:32 AM] Reload for file change: C:\repos\nus-cs2103-AY2021S1\cs2103-website\admin\tp-tasks.mbdf
2021-03-17T16:07:33.775Z - info: Rebuilding 1 pages
2021-03-17T16:07:35.647Z - info: Site data built
2021-03-17T16:07:35.648Z - info: Pages rebuilt
2021-03-17T16:07:35.648Z - info: Website regeneration complete! Total build time: 1.874s
2021-03-17T16:14:45.595Z - info: [12:14:45 AM] Reload for file change: C:\repos\nus-cs2103-AY2021S1\cs2103-website\admin\tp-tasks.mbdf
2021-03-17T16:14:46.616Z - info: Rebuilding 1 pages
2021-03-17T16:14:48.193Z - info: Site data built
2021-03-17T16:14:48.194Z - info: Pages rebuilt
2021-03-17T16:14:48.194Z - info: Website regeneration complete! Total build time: 1.581s
2021-03-17T16:30:56.829Z - info: [12:30:56 AM] Reload for file change: C:\repos\nus-cs2103-AY2021S1\cs2103-website\admin\tp-tasks.mbdf
2021-03-17T16:30:56.871Z - info: [12:30:56 AM] Reload for file change: C:\repos\nus-cs2103-AY2021S1\cs2103-website\admin\tp-tasks.mbdf
2021-03-17T16:30:57.872Z - info: Rebuilding 1 pages
2021-03-17T16:31:01.550Z - info: Site data built
2021-03-17T16:31:01.550Z - info: Pages rebuilt
2021-03-17T16:31:01.551Z - info: Website regeneration complete! Total build time: 3.695s
2021-03-17T16:33:47.886Z - info: [12:33:47 AM] Reload for file change: C:\repos\nus-cs2103-AY2021S1\cs2103-website\admin\tp-tasks.mbdf
2021-03-17T16:33:48.889Z - info: Rebuilding 1 pages
2021-03-17T16:33:50.856Z - info: Site data built
2021-03-17T16:33:50.857Z - info: Pages rebuilt
2021-03-17T16:33:50.857Z - info: Website regeneration complete! Total build time: 1.969s
2021-03-17T16:34:21.239Z - info: [12:34:21 AM] Reload for file change: C:\repos\nus-cs2103-AY2021S1\cs2103-website\admin\tp-tasks.mbdf
2021-03-17T16:34:22.243Z - info: Rebuilding 1 pages
2021-03-17T16:34:23.456Z - info: Site data built
2021-03-17T16:34:23.457Z - info: Pages rebuilt
2021-03-17T16:34:23.457Z - info: Website regeneration complete! Total build time: 1.217s
2021-03-17T16:36:37.306Z - info: [12:36:37 AM] Reload for file change: C:\repos\nus-cs2103-AY2021S1\cs2103-website\admin\tp-tasks.mbdf
2021-03-17T16:36:38.315Z - info: Rebuilding 1 pages
2021-03-17T16:36:40.714Z - info: Site data built
2021-03-17T16:36:40.714Z - info: Pages rebuilt
2021-03-17T16:36:40.715Z - info: Website regeneration complete! Total build time: 2.401s
2021-03-17T16:37:05.897Z - info: [12:37:05 AM] Reload for file change: C:\repos\nus-cs2103-AY2021S1\cs2103-website\admin\tp-tasks.mbdf
2021-03-17T16:37:06.904Z - info: Rebuilding 1 pages
2021-03-17T16:37:07.983Z - info: Site data built
2021-03-17T16:37:07.983Z - info: Pages rebuilt
2021-03-17T16:37:07.983Z - info: Website regeneration complete! Total build time: 1.082s
2021-03-17T16:38:36.211Z - info: [12:38:36 AM] Reload for file change: C:\repos\nus-cs2103-AY2021S1\cs2103-website\admin\tp-tasks.mbdf
2021-03-17T16:38:37.226Z - info: Rebuilding 1 pages
2021-03-17T16:38:38.736Z - info: Site data built
2021-03-17T16:38:38.737Z - info: Pages rebuilt
2021-03-17T16:38:38.737Z - info: Website regeneration complete! Total build time: 1.515s
2021-03-17T16:39:25.218Z - info: [12:39:25 AM] Reload for file change: C:\repos\nus-cs2103-AY2021S1\cs2103-website\admin\tp-tasks.mbdf
2021-03-17T16:39:26.231Z - info: Rebuilding 1 pages
2021-03-17T16:39:27.902Z - info: Site data built
2021-03-17T16:39:27.902Z - info: Pages rebuilt
2021-03-17T16:39:27.903Z - info: Website regeneration complete! Total build time: 1.672s
2021-03-17T16:40:55.901Z - info: [12:40:55 AM] Reload for file change: C:\repos\nus-cs2103-AY2021S1\cs2103-website\admin\tp-tasks.mbdf
2021-03-17T16:40:56.916Z - info: Rebuilding 1 pages
2021-03-17T16:40:58.515Z - info: Site data built
2021-03-17T16:40:58.517Z - info: Pages rebuilt
2021-03-17T16:40:58.517Z - info: Website regeneration complete! Total build time: 1.606s
2021-03-17T16:41:21.935Z - info: [12:41:21 AM] Reload for file change: C:\repos\nus-cs2103-AY2021S1\cs2103-website\admin\tp-tasks.mbdf
2021-03-17T16:41:22.948Z - info: Rebuilding 1 pages
2021-03-17T16:41:24.279Z - info: Site data built
2021-03-17T16:41:24.279Z - info: Pages rebuilt
2021-03-17T16:41:24.279Z - info: Website regeneration complete! Total build time: 1.332s
2021-03-17T16:41:33.542Z - info: [12:41:33 AM] Reload for file change: C:\repos\nus-cs2103-AY2021S1\cs2103-website\admin\tp-tasks.mbdf
2021-03-17T16:41:34.550Z - info: Rebuilding 1 pages
2021-03-17T16:41:35.494Z - info: Site data built
2021-03-17T16:41:35.494Z - info: Pages rebuilt
2021-03-17T16:41:35.494Z - info: Website regeneration complete! Total build time: 0.947s
2021-03-17T16:41:51.516Z - info: [12:41:51 AM] Reload for file change: C:\repos\nus-cs2103-AY2021S1\cs2103-website\admin\tp-tasks.mbdf
2021-03-17T16:41:52.524Z - info: Rebuilding 1 pages
2021-03-17T16:41:53.585Z - info: Site data built
2021-03-17T16:41:53.585Z - info: Pages rebuilt
2021-03-17T16:41:53.586Z - info: Website regeneration complete! Total build time: 1.061s
2021-03-17T16:42:02.817Z - info: [12:42:02 AM] Reload for file change: C:\repos\nus-cs2103-AY2021S1\cs2103-website\admin\tp-tasks.mbdf
2021-03-17T16:42:03.825Z - info: Rebuilding 1 pages
2021-03-17T16:42:04.716Z - info: Site data built
2021-03-17T16:42:04.716Z - info: Pages rebuilt
2021-03-17T16:42:04.716Z - info: Website regeneration complete! Total build time: 0.892s
2021-03-17T16:42:12.087Z - info: [12:42:12 AM] Reload for file change: C:\repos\nus-cs2103-AY2021S1\cs2103-website\admin\tp-tasks.mbdf
2021-03-17T16:42:13.094Z - info: Rebuilding 1 pages
2021-03-17T16:42:13.942Z - info: Site data built
2021-03-17T16:42:13.942Z - info: Pages rebuilt
2021-03-17T16:42:13.942Z - info: Website regeneration complete! Total build time: 0.85s
2021-03-17T16:42:27.030Z - info: [12:42:27 AM] Reload for file change: C:\repos\nus-cs2103-AY2021S1\cs2103-website\admin\tp-tasks.mbdf
2021-03-17T16:42:28.038Z - info: Rebuilding 1 pages
2021-03-17T16:42:28.945Z - info: Site data built
2021-03-17T16:42:28.946Z - info: Pages rebuilt
2021-03-17T16:42:28.946Z - info: Website regeneration complete! Total build time: 0.91s
2021-03-17T16:45:46.213Z - info: [12:45:46 AM] Reload for file change: C:\repos\nus-cs2103-AY2021S1\cs2103-website\admin\tp-tasks.mbdf
2021-03-17T16:45:47.225Z - info: Rebuilding 1 pages
2021-03-17T16:45:48.703Z - info: Site data built
2021-03-17T16:45:48.704Z - info: Pages rebuilt
2021-03-17T16:45:48.704Z - info: Website regeneration complete! Total build time: 1.482s
2021-03-17T16:47:47.732Z - info: [12:47:47 AM] Reload for file change: C:\repos\nus-cs2103-AY2021S1\cs2103-website\admin\tp-tasks.mbdf
2021-03-17T16:47:48.736Z - info: Rebuilding 1 pages
2021-03-17T16:47:49.838Z - info: Site data built
2021-03-17T16:47:49.838Z - info: Pages rebuilt
2021-03-17T16:47:49.838Z - info: Website regeneration complete! Total build time: 1.103s
2021-03-17T16:48:20.094Z - info: [12:48:20 AM] Reload for file change: C:\repos\nus-cs2103-AY2021S1\cs2103-website\admin\tp-tasks.mbdf
2021-03-17T16:48:21.102Z - info: Rebuilding 1 pages
2021-03-17T16:48:22.709Z - info: Site data built
2021-03-17T16:48:22.710Z - info: Pages rebuilt
2021-03-17T16:48:22.710Z - info: Website regeneration complete! Total build time: 1.612s
2021-03-17T16:49:12.522Z - info: [12:49:12 AM] Reload for file change: C:\repos\nus-cs2103-AY2021S1\cs2103-website\admin\tp-tasks.mbdf
2021-03-17T16:49:13.529Z - info: Rebuilding 1 pages
2021-03-17T16:49:14.783Z - warn: You might have an invalid intra-link! Ignore this warning if it was intended.
'/website/admin/usage-notes.html' found in file 'C:\repos\nus-cs2103-AY2021S1\cs2103-website\admin\tp-tasks.mbdf'
2021-03-17T16:49:14.940Z - info: Site data built
2021-03-17T16:49:14.941Z - info: Pages rebuilt
2021-03-17T16:49:14.941Z - info: Website regeneration complete! Total build time: 1.413s
2021-03-17T16:54:33.947Z - info: [12:54:33 AM] Reload for file change: C:\repos\nus-cs2103-AY2021S1\cs2103-website\admin\tp-tasks.mbdf
2021-03-17T16:54:34.956Z - info: Rebuilding 1 pages
2021-03-17T16:54:36.463Z - info: Site data built
2021-03-17T16:54:36.464Z - info: Pages rebuilt
2021-03-17T16:54:36.464Z - info: Website regeneration complete! Total build time: 1.511s
2021-03-17T16:54:47.489Z - info: [12:54:47 AM] Reload for file change: C:\repos\nus-cs2103-AY2021S1\cs2103-website\admin\tp-tasks.mbdf
2021-03-17T16:54:48.498Z - info: Rebuilding 1 pages
2021-03-17T16:54:49.523Z - info: Site data built
2021-03-17T16:54:49.523Z - info: Pages rebuilt
2021-03-17T16:54:49.523Z - info: Website regeneration complete! Total build time: 1.027s
2021-03-17T16:55:51.720Z - info: [12:55:51 AM] Reload for file change: C:\repos\nus-cs2103-AY2021S1\cs2103-website\admin\tp-tasks.mbdf
2021-03-17T16:55:52.728Z - info: Rebuilding 1 pages
2021-03-17T16:55:54.551Z - info: Site data built
2021-03-17T16:55:54.553Z - info: Pages rebuilt
2021-03-17T16:55:54.553Z - info: Website regeneration complete! Total build time: 1.826s
2021-03-17T16:57:11.212Z - info: [12:57:11 AM] Reload for file change: C:\repos\nus-cs2103-AY2021S1\cs2103-website\admin\tp-tasks.mbdf
2021-03-17T16:57:12.216Z - info: Rebuilding 1 pages
2021-03-17T16:57:13.652Z - info: Site data built
2021-03-17T16:57:13.652Z - info: Pages rebuilt
2021-03-17T16:57:13.653Z - info: Website regeneration complete! Total build time: 1.438s
2021-03-17T16:57:46.730Z - info: [12:57:46 AM] Reload for file change: C:\repos\nus-cs2103-AY2021S1\cs2103-website\admin\tp-tasks.mbdf
2021-03-17T16:57:47.735Z - info: Rebuilding 1 pages
2021-03-17T16:57:49.177Z - info: Site data built
2021-03-17T16:57:49.178Z - info: Pages rebuilt
2021-03-17T16:57:49.178Z - info: Website regeneration complete! Total build time: 1.444s
2021-03-17T16:59:39.931Z - info: [12:59:39 AM] Reload for file change: C:\repos\nus-cs2103-AY2021S1\cs2103-website\admin\tp-tasks.mbdf
2021-03-17T16:59:40.945Z - info: Rebuilding 1 pages
2021-03-17T16:59:42.450Z - info: Site data built
2021-03-17T16:59:42.451Z - info: Pages rebuilt
2021-03-17T16:59:42.451Z - info: Website regeneration complete! Total build time: 1.51s
2021-03-17T17:04:19.477Z - info: [1:04:19 AM] Reload for file change: C:\repos\nus-cs2103-AY2021S1\cs2103-website\admin\tp-tasks.mbdf
2021-03-17T17:04:20.489Z - info: Rebuilding 1 pages
2021-03-17T17:04:21.912Z - info: Site data built
2021-03-17T17:04:21.913Z - info: Pages rebuilt
2021-03-17T17:04:21.913Z - info: Website regeneration complete! Total build time: 1.428s
2021-03-17T17:06:09.131Z - info: [1:06:09 AM] Reload for file change: C:\repos\nus-cs2103-AY2021S1\cs2103-website\admin\tp-tasks.mbdf
2021-03-17T17:06:10.138Z - info: Rebuilding 1 pages
2021-03-17T17:06:11.640Z - info: Site data built
2021-03-17T17:06:11.640Z - info: Pages rebuilt
2021-03-17T17:06:11.641Z - info: Website regeneration complete! Total build time: 1.505s
2021-03-17T17:06:42.380Z - info: [1:06:42 AM] Reload for file change: C:\repos\nus-cs2103-AY2021S1\cs2103-website\admin\tp-tasks.mbdf
2021-03-17T17:06:43.384Z - info: Rebuilding 1 pages
2021-03-17T17:06:45.140Z - info: Site data built
2021-03-17T17:06:45.141Z - info: Pages rebuilt
2021-03-17T17:06:45.141Z - info: Website regeneration complete! Total build time: 1.758s
2021-03-17T17:14:18.739Z - info: Website generation started at 1:14:15 AM
2021-03-17T17:14:27.932Z - info: Building assets...
