2021-02-23T07:39:30.537Z - info: Website generation (lazy) started at 3:39:23 PM
2021-02-23T07:39:43.191Z - info: Building assets...
2021-02-23T07:39:51.725Z - info: Assets built
2021-02-23T07:39:51.726Z - info: Generating landing page...
2021-02-23T07:39:55.096Z - info: Landing page built, other pages will be built as you navigate to them!
2021-02-23T07:39:55.665Z - info: Site data built
2021-02-23T07:39:55.665Z - info: Website generation (lazy) complete! Total build time: 32.368s
2021-02-23T07:39:56.649Z - info: Serving "C:\repos\nus-cs2103-AY2021S1\cs2103-website\_site" at http://127.0.0.1:8080
2021-02-23T07:39:56.649Z - info: Press CTRL+C to stop ...
2021-02-23T07:47:00.996Z - info: Building C:\repos\nus-cs2103-AY2021S1\cs2103-website\admin\index as some of its dependencies were changed since the last visit
2021-02-23T07:47:01.805Z - info: Site data built
2021-02-23T07:47:01.806Z - info: Lazy website regeneration complete! Total build time: 0.821s
2021-02-23T07:47:08.986Z - info: Building C:\repos\nus-cs2103-AY2021S1\cs2103-website\admin\appendixF-teamworkIssues as some of its dependencies were changed since the last visit
2021-02-23T07:47:09.279Z - info: Site data built
2021-02-23T07:47:09.279Z - info: Lazy website regeneration complete! Total build time: 0.294s
2021-02-23T07:49:09.765Z - info: [3:49:09 PM] Reload for file change: C:\repos\nus-cs2103-AY2021S1\cs2103-website\admin\appendixF-teamworkIssues.md
2021-02-23T07:49:10.803Z - info: Rebuilding 1 pages
2021-02-23T07:49:11.302Z - info: Site data built
2021-02-23T07:49:11.304Z - info: Pages rebuilt
2021-02-23T07:49:11.304Z - info: Website regeneration complete! Total build time: 0.502s
2021-02-23T07:50:51.991Z - info: [3:50:51 PM] Reload for file change: C:\repos\nus-cs2103-AY2021S1\cs2103-website\admin\appendixF-teamworkIssues.md
2021-02-23T07:50:52.993Z - info: Rebuilding 1 pages
2021-02-23T07:50:53.518Z - info: Site data built
2021-02-23T07:50:53.519Z - info: Pages rebuilt
2021-02-23T07:50:53.519Z - info: Website regeneration complete! Total build time: 0.527s
2021-02-23T07:53:57.488Z - info: [3:53:57 PM] Reload for file change: C:\repos\nus-cs2103-AY2021S1\cs2103-website\admin\appendixF-teamworkIssues.md
2021-02-23T07:53:58.499Z - info: Rebuilding 1 pages
2021-02-23T07:53:58.817Z - info: Site data built
2021-02-23T07:53:58.817Z - info: Pages rebuilt
2021-02-23T07:53:58.818Z - info: Website regeneration complete! Total build time: 0.326s
2021-02-23T07:57:24.862Z - info: [3:57:24 PM] Reload for file change: C:\repos\nus-cs2103-AY2021S1\cs2103-website\admin\appendixF-teamworkIssues.md
2021-02-23T07:57:25.867Z - info: Rebuilding 1 pages
2021-02-23T07:57:26.166Z - info: Site data built
2021-02-23T07:57:26.166Z - info: Pages rebuilt
2021-02-23T07:57:26.166Z - info: Website regeneration complete! Total build time: 0.302s
2021-02-23T07:58:50.205Z - info: Building C:\repos\nus-cs2103-AY2021S1\cs2103-website\admin\appendixD-help as some of its dependencies were changed since the last visit
2021-02-23T07:58:50.611Z - info: Site data built
2021-02-23T07:58:50.612Z - info: Lazy website regeneration complete! Total build time: 0.408s
2021-02-23T08:02:24.851Z - info: [4:02:24 PM] Reload for file change: C:\repos\nus-cs2103-AY2021S1\cs2103-website\admin\appendixD-help.md
2021-02-23T08:02:25.859Z - info: Rebuilding 1 pages
2021-02-23T08:02:26.278Z - info: Site data built
2021-02-23T08:02:26.278Z - info: Pages rebuilt
2021-02-23T08:02:26.279Z - info: Website regeneration complete! Total build time: 0.424s
2021-02-23T08:02:41.338Z - info: [4:02:41 PM] Reload for file change: C:\repos\nus-cs2103-AY2021S1\cs2103-website\admin\appendixD-help.md
2021-02-23T08:02:42.343Z - info: Rebuilding 1 pages
2021-02-23T08:02:42.672Z - info: Site data built
2021-02-23T08:02:42.673Z - info: Pages rebuilt
2021-02-23T08:02:42.674Z - info: Website regeneration complete! Total build time: 0.334s
2021-02-23T08:03:18.667Z - info: [4:03:18 PM] Reload for file change: C:\repos\nus-cs2103-AY2021S1\cs2103-website\admin\appendixD-help.md
2021-02-23T08:03:19.670Z - info: Rebuilding 1 pages
2021-02-23T08:03:20.009Z - info: Site data built
2021-02-23T08:03:20.010Z - info: Pages rebuilt
2021-02-23T08:03:20.011Z - info: Website regeneration complete! Total build time: 0.341s
2021-02-23T08:03:58.405Z - info: [4:03:58 PM] Reload for file change: C:\repos\nus-cs2103-AY2021S1\cs2103-website\admin\appendixD-help.md
2021-02-23T08:03:59.414Z - info: Rebuilding 1 pages
2021-02-23T08:03:59.734Z - info: Site data built
2021-02-23T08:03:59.735Z - info: Pages rebuilt
2021-02-23T08:03:59.735Z - info: Website regeneration complete! Total build time: 0.324s
2021-02-23T08:12:04.860Z - info: Building C:\repos\nus-cs2103-AY2021S1\cs2103-website\schedule\week7\project as some of its dependencies were changed since the last visit
2021-02-23T08:12:08.640Z - info: Site data built
2021-02-23T08:12:08.641Z - info: Lazy website regeneration complete! Total build time: 3.782s
2021-02-23T08:12:38.940Z - info: Building C:\repos\nus-cs2103-AY2021S1\cs2103-website\schedule\week8\index as some of its dependencies were changed since the last visit
2021-02-23T08:12:40.083Z - info: Site data built
2021-02-23T08:12:40.084Z - info: Lazy website regeneration complete! Total build time: 1.145s
2021-02-23T08:12:45.374Z - info: Building C:\repos\nus-cs2103-AY2021S1\cs2103-website\schedule\week8\project as some of its dependencies were changed since the last visit
2021-02-23T08:12:46.366Z - info: Site data built
2021-02-23T08:12:46.366Z - info: Lazy website regeneration complete! Total build time: 0.993s
2021-02-23T08:13:39.945Z - info: Building C:\repos\nus-cs2103-AY2021S1\cs2103-website\schedule\week9\project as some of its dependencies were changed since the last visit
2021-02-23T08:13:40.850Z - info: Site data built
2021-02-23T08:13:40.850Z - info: Lazy website regeneration complete! Total build time: 0.905s
2021-02-23T08:13:49.507Z - info: Building C:\repos\nus-cs2103-AY2021S1\cs2103-website\schedule\week10\project as some of its dependencies were changed since the last visit
2021-02-23T08:13:50.532Z - info: Site data built
2021-02-23T08:13:50.532Z - info: Lazy website regeneration complete! Total build time: 1.025s
2021-02-23T08:14:49.881Z - info: [4:14:49 PM] Reload for file change: C:\repos\nus-cs2103-AY2021S1\cs2103-website\admin\appendixE-gitHub.md
2021-02-23T08:14:50.897Z - info: Rebuilding 1 pages
2021-02-23T08:14:52.159Z - info: Site data built
2021-02-23T08:14:52.160Z - info: Pages rebuilt
2021-02-23T08:14:52.160Z - info: Website regeneration complete! Total build time: 1.27s
2021-02-23T08:17:26.002Z - info: [4:17:26 PM] Reload for file change: C:\repos\nus-cs2103-AY2021S1\cs2103-website\admin\appendixE-gitHub.md
2021-02-23T08:17:27.013Z - info: Rebuilding 1 pages
2021-02-23T08:17:28.179Z - info: Site data built
2021-02-23T08:17:28.179Z - info: Pages rebuilt
2021-02-23T08:17:28.179Z - info: Website regeneration complete! Total build time: 1.171s
2021-02-23T08:18:59.267Z - info: [4:18:59 PM] Reload for file change: C:\repos\nus-cs2103-AY2021S1\cs2103-website\admin\appendixE-gitHub.md
2021-02-23T08:19:00.271Z - info: Rebuilding 1 pages
2021-02-23T08:19:01.337Z - info: Site data built
2021-02-23T08:19:01.338Z - info: Pages rebuilt
2021-02-23T08:19:01.338Z - info: Website regeneration complete! Total build time: 1.069s
2021-02-23T08:20:33.380Z - info: [4:20:33 PM] Reload for file change: C:\repos\nus-cs2103-AY2021S1\cs2103-website\admin\appendixE-gitHub.md
2021-02-23T08:20:34.385Z - info: Rebuilding 1 pages
2021-02-23T08:20:35.455Z - info: Site data built
2021-02-23T08:20:35.456Z - info: Pages rebuilt
2021-02-23T08:20:35.456Z - info: Website regeneration complete! Total build time: 1.074s
2021-02-23T08:20:48.172Z - info: Building C:\repos\nus-cs2103-AY2021S1\cs2103-website\admin\appendixE-gitHub as some of its dependencies were changed since the last visit
2021-02-23T08:20:48.721Z - info: Site data built
2021-02-23T08:20:48.721Z - info: Lazy website regeneration complete! Total build time: 0.549s
2021-02-23T08:21:02.962Z - info: Building C:\repos\nus-cs2103-AY2021S1\cs2103-website\se-book-adapted\chapters\revisionControl as some of its dependencies were changed since the last visit
2021-02-23T08:21:03.475Z - info: Site data built
2021-02-23T08:21:03.475Z - info: Lazy website regeneration complete! Total build time: 0.513s
2021-02-23T08:21:43.723Z - info: [4:21:43 PM] Reload for file change: C:\repos\nus-cs2103-AY2021S1\cs2103-website\admin\appendixE-gitHub.md
2021-02-23T08:21:44.728Z - info: No pages needed to be rebuilt
2021-02-23T08:25:30.907Z - info: [4:25:30 PM] Reload for file change: C:\repos\nus-cs2103-AY2021S1\cs2103-website\admin\appendixE-gitHub.md
2021-02-23T08:25:31.914Z - info: No pages needed to be rebuilt
2021-02-23T08:29:20.344Z - info: [4:29:20 PM] Reload for file change: C:\repos\nus-cs2103-AY2021S1\cs2103-website\admin\appendixE-gitHub.md
2021-02-23T08:29:21.387Z - info: No pages needed to be rebuilt
2021-02-23T08:29:29.562Z - info: Building C:\repos\nus-cs2103-AY2021S1\cs2103-website\admin\appendixE-gitHub as some of its dependencies were changed since the last visit
2021-02-23T08:29:30.444Z - info: Site data built
2021-02-23T08:29:30.444Z - info: Lazy website regeneration complete! Total build time: 0.883s
2021-02-23T08:33:29.674Z - info: [4:33:29 PM] Reload for file change: C:\repos\nus-cs2103-AY2021S1\cs2103-website\admin\appendixE-gitHub.md
2021-02-23T08:33:30.678Z - info: Rebuilding 1 pages
2021-02-23T08:33:31.521Z - info: Site data built
2021-02-23T08:33:31.521Z - info: Pages rebuilt
2021-02-23T08:33:31.522Z - info: Website regeneration complete! Total build time: 0.845s
2021-02-23T08:34:10.412Z - info: [4:34:10 PM] Reload for file change: C:\repos\nus-cs2103-AY2021S1\cs2103-website\admin\appendixE-gitHub.md
2021-02-23T08:34:11.423Z - info: Rebuilding 1 pages
2021-02-23T08:34:12.108Z - info: Site data built
2021-02-23T08:34:12.108Z - info: Pages rebuilt
2021-02-23T08:34:12.108Z - info: Website regeneration complete! Total build time: 0.689s
2021-02-23T08:39:49.933Z - info: [4:39:49 PM] Reload for file change: C:\repos\nus-cs2103-AY2021S1\cs2103-website\admin\appendixE-gitHub.md
2021-02-23T08:39:50.935Z - info: Rebuilding 1 pages
2021-02-23T08:39:51.697Z - info: Site data built
2021-02-23T08:39:51.698Z - info: Pages rebuilt
2021-02-23T08:39:51.698Z - info: Website regeneration complete! Total build time: 0.764s
2021-02-23T08:40:13.209Z - info: [4:40:13 PM] Reload for file change: C:\repos\nus-cs2103-AY2021S1\cs2103-website\admin\appendixE-gitHub.md
2021-02-23T08:40:14.228Z - info: Rebuilding 1 pages
2021-02-23T08:40:15.056Z - info: Site data built
2021-02-23T08:40:15.057Z - info: Pages rebuilt
2021-02-23T08:40:15.057Z - info: Website regeneration complete! Total build time: 0.833s
2021-02-23T08:40:40.477Z - info: [4:40:40 PM] Reload for file change: C:\repos\nus-cs2103-AY2021S1\cs2103-website\admin\appendixE-gitHub.md
2021-02-23T08:40:41.491Z - info: Rebuilding 1 pages
2021-02-23T08:40:42.161Z - info: Site data built
2021-02-23T08:40:42.162Z - info: Pages rebuilt
2021-02-23T08:40:42.162Z - info: Website regeneration complete! Total build time: 0.679s
2021-02-23T08:41:46.811Z - info: [4:41:46 PM] Reload for file change: C:\repos\nus-cs2103-AY2021S1\cs2103-website\admin\appendixE-gitHub.md
2021-02-23T08:41:47.812Z - info: Rebuilding 1 pages
2021-02-23T08:41:48.553Z - info: Site data built
2021-02-23T08:41:48.554Z - info: Pages rebuilt
2021-02-23T08:41:48.555Z - info: Website regeneration complete! Total build time: 0.743s
2021-02-23T08:45:12.954Z - info: [4:45:12 PM] Reload for file change: C:\repos\nus-cs2103-AY2021S1\cs2103-website\admin\appendixE-gitHub.md
2021-02-23T08:45:13.960Z - info: Rebuilding 1 pages
2021-02-23T08:45:14.635Z - info: Site data built
2021-02-23T08:45:14.636Z - info: Pages rebuilt
2021-02-23T08:45:14.636Z - info: Website regeneration complete! Total build time: 0.68s
2021-02-23T08:45:38.985Z - info: [4:45:38 PM] Reload for file change: C:\repos\nus-cs2103-AY2021S1\cs2103-website\admin\appendixE-gitHub.md
2021-02-23T08:45:39.991Z - info: Rebuilding 1 pages
2021-02-23T08:45:40.663Z - info: Site data built
2021-02-23T08:45:40.664Z - info: Pages rebuilt
2021-02-23T08:45:40.664Z - info: Website regeneration complete! Total build time: 0.676s
2021-02-23T08:46:16.164Z - info: [4:46:16 PM] Reload for file change: C:\repos\nus-cs2103-AY2021S1\cs2103-website\admin\appendixE-gitHub.md
2021-02-23T08:46:17.169Z - info: Rebuilding 1 pages
2021-02-23T08:46:17.783Z - info: Site data built
2021-02-23T08:46:17.784Z - info: Pages rebuilt
2021-02-23T08:46:17.784Z - info: Website regeneration complete! Total build time: 0.616s
2021-02-23T08:47:19.018Z - info: Building C:\repos\nus-cs2103-AY2021S1\cs2103-website\schedule\week7\project as some of its dependencies were changed since the last visit
2021-02-23T08:47:20.872Z - info: Site data built
2021-02-23T08:47:20.872Z - info: Lazy website regeneration complete! Total build time: 1.855s
2021-02-23T08:48:32.493Z - info: Building C:\repos\nus-cs2103-AY2021S1\cs2103-website\schedule\week7\tutorial as some of its dependencies were changed since the last visit
2021-02-23T08:48:32.636Z - info: Site data built
2021-02-23T08:48:32.636Z - info: Lazy website regeneration complete! Total build time: 0.144s
2021-02-23T08:51:59.900Z - info: Building C:\repos\nus-cs2103-AY2021S1\cs2103-website\schedule\week7\admin as some of its dependencies were changed since the last visit
2021-02-23T08:52:00.093Z - info: Site data built
2021-02-23T08:52:00.093Z - info: Lazy website regeneration complete! Total build time: 0.194s
2021-02-23T08:52:20.662Z - info: Website generation started at 4:52:17 PM
2021-02-23T08:52:30.401Z - info: Building assets...
