2021-04-14T05:02:10.701Z - info: Website generation (lazy) started at 1:02:03 PM
2021-04-14T05:02:21.827Z - info: Building assets...
2021-04-14T05:02:28.186Z - info: Assets built
2021-04-14T05:02:28.186Z - info: Generating landing page...
2021-04-14T05:02:29.245Z - info: Landing page built, other pages will be built as you navigate to them!
2021-04-14T05:02:29.798Z - info: Site data built
2021-04-14T05:02:29.798Z - info: Website generation (lazy) complete! Total build time: 25.886s
2021-04-14T05:02:30.681Z - info: Serving "C:\repos\nus-cs2103-AY2021S1\cs2103-website\_site" at http://127.0.0.1:8080
2021-04-14T05:02:30.682Z - info: Press CTRL+C to stop ...
2021-04-14T05:04:18.043Z - info: Building C:\repos\nus-cs2103-AY2021S1\cs2103-website\admin\index as some of its dependencies were changed since the last visit
2021-04-14T05:04:18.832Z - info: Site data built
2021-04-14T05:04:18.832Z - info: Lazy website regeneration complete! Total build time: 0.792s
2021-04-14T05:04:26.994Z - info: Building C:\repos\nus-cs2103-AY2021S1\cs2103-website\admin\tp-pe as some of its dependencies were changed since the last visit
2021-04-14T05:04:28.831Z - info: Site data built
2021-04-14T05:04:28.832Z - info: Lazy website regeneration complete! Total build time: 1.837s
2021-04-14T05:09:00.996Z - info: [1:09:00 PM] Reload for file change: C:\repos\nus-cs2103-AY2021S1\cs2103-website\admin\tp-ped.mbdf
2021-04-14T05:09:02.020Z - info: Rebuilding 1 pages
2021-04-14T05:09:04.136Z - info: Site data built
2021-04-14T05:09:04.136Z - info: Pages rebuilt
2021-04-14T05:09:04.137Z - info: Website regeneration complete! Total build time: 2.12s
2021-04-14T05:09:24.536Z - info: [1:09:24 PM] Reload for file change: C:\repos\nus-cs2103-AY2021S1\cs2103-website\admin\tp-ped.mbdf
2021-04-14T05:09:25.557Z - info: Rebuilding 1 pages
2021-04-14T05:09:27.743Z - info: Site data built
2021-04-14T05:09:27.745Z - info: Pages rebuilt
2021-04-14T05:09:27.745Z - info: Website regeneration complete! Total build time: 2.196s
2021-04-14T05:10:38.026Z - info: Website generation started at 1:10:34 PM
2021-04-14T05:10:49.623Z - info: Building assets...
2021-04-14T05:10:57.063Z - info: Assets built
2021-04-14T05:10:57.064Z - info: Generating pages...
2021-04-14T05:11:22.668Z - debug:  
2021-04-14T05:11:22.669Z - debug:  
2021-04-14T05:11:22.669Z - debug:  
2021-04-14T05:11:22.669Z - debug:  
2021-04-14T05:11:22.669Z - debug:  
2021-04-14T05:11:22.669Z - debug:  
2021-04-14T05:12:12.999Z - warn: You might have an invalid intra-link! Ignore this warning if it was intended.
'/website/book/about/usage.html' found in file 'C:\repos\nus-cs2103-AY2021S1\cs2103-website\book\index.md'
2021-04-14T05:12:13.003Z - warn: You might have an invalid intra-link! Ignore this warning if it was intended.
'/website/book/softwareEngineering/print.html' found in file 'C:\repos\nus-cs2103-AY2021S1\cs2103-website\book\index.md'
2021-04-14T05:12:13.005Z - warn: You might have an invalid intra-link! Ignore this warning if it was intended.
'/website/book/oop/print.html' found in file 'C:\repos\nus-cs2103-AY2021S1\cs2103-website\book\index.md'
2021-04-14T05:12:13.014Z - warn: You might have an invalid intra-link! Ignore this warning if it was intended.
'/website/book/requirements/print.html' found in file 'C:\repos\nus-cs2103-AY2021S1\cs2103-website\book\index.md'
2021-04-14T05:12:13.016Z - warn: You might have an invalid intra-link! Ignore this warning if it was intended.
'/website/book/gatheringRequirements/print.html' found in file 'C:\repos\nus-cs2103-AY2021S1\cs2103-website\book\index.md'
2021-04-14T05:12:13.017Z - warn: You might have an invalid intra-link! Ignore this warning if it was intended.
'/website/book/specifyingRequirements/print.html' found in file 'C:\repos\nus-cs2103-AY2021S1\cs2103-website\book\index.md'
2021-04-14T05:12:13.018Z - warn: You might have an invalid intra-link! Ignore this warning if it was intended.
'/website/book/design/print.html' found in file 'C:\repos\nus-cs2103-AY2021S1\cs2103-website\book\index.md'
2021-04-14T05:12:13.019Z - warn: You might have an invalid intra-link! Ignore this warning if it was intended.
'/website/book/designFundamentals/print.html' found in file 'C:\repos\nus-cs2103-AY2021S1\cs2103-website\book\index.md'
2021-04-14T05:12:13.020Z - warn: You might have an invalid intra-link! Ignore this warning if it was intended.
'/website/book/modeling/print.html' found in file 'C:\repos\nus-cs2103-AY2021S1\cs2103-website\book\index.md'
2021-04-14T05:12:13.021Z - warn: You might have an invalid intra-link! Ignore this warning if it was intended.
'/website/book/architecture/print.html' found in file 'C:\repos\nus-cs2103-AY2021S1\cs2103-website\book\index.md'
2021-04-14T05:12:13.022Z - warn: You might have an invalid intra-link! Ignore this warning if it was intended.
'/website/book/designPatterns/print.html' found in file 'C:\repos\nus-cs2103-AY2021S1\cs2103-website\book\index.md'
2021-04-14T05:12:13.023Z - warn: You might have an invalid intra-link! Ignore this warning if it was intended.
'/website/book/designApproaches/print.html' found in file 'C:\repos\nus-cs2103-AY2021S1\cs2103-website\book\index.md'
2021-04-14T05:12:13.025Z - warn: You might have an invalid intra-link! Ignore this warning if it was intended.
'/website/book/ides/print.html' found in file 'C:\repos\nus-cs2103-AY2021S1\cs2103-website\book\index.md'
2021-04-14T05:12:13.026Z - warn: You might have an invalid intra-link! Ignore this warning if it was intended.
'/website/book/codeQuality/print.html' found in file 'C:\repos\nus-cs2103-AY2021S1\cs2103-website\book\index.md'
2021-04-14T05:12:13.027Z - warn: You might have an invalid intra-link! Ignore this warning if it was intended.
'/website/book/refactoring/print.html' found in file 'C:\repos\nus-cs2103-AY2021S1\cs2103-website\book\index.md'
2021-04-14T05:12:13.028Z - warn: You might have an invalid intra-link! Ignore this warning if it was intended.
'/website/book/documentation/print.html' found in file 'C:\repos\nus-cs2103-AY2021S1\cs2103-website\book\index.md'
2021-04-14T05:12:13.029Z - warn: You might have an invalid intra-link! Ignore this warning if it was intended.
'/website/book/errorHandling/print.html' found in file 'C:\repos\nus-cs2103-AY2021S1\cs2103-website\book\index.md'
2021-04-14T05:12:13.030Z - warn: You might have an invalid intra-link! Ignore this warning if it was intended.
'/website/book/integration/print.html' found in file 'C:\repos\nus-cs2103-AY2021S1\cs2103-website\book\index.md'
2021-04-14T05:12:13.031Z - warn: You might have an invalid intra-link! Ignore this warning if it was intended.
'/website/book/reuse/print.html' found in file 'C:\repos\nus-cs2103-AY2021S1\cs2103-website\book\index.md'
2021-04-14T05:12:13.032Z - warn: You might have an invalid intra-link! Ignore this warning if it was intended.
'/website/book/qualityAssurance/print.html' found in file 'C:\repos\nus-cs2103-AY2021S1\cs2103-website\book\index.md'
2021-04-14T05:12:13.033Z - warn: You might have an invalid intra-link! Ignore this warning if it was intended.
'/website/book/testing/print.html' found in file 'C:\repos\nus-cs2103-AY2021S1\cs2103-website\book\index.md'
2021-04-14T05:12:13.034Z - warn: You might have an invalid intra-link! Ignore this warning if it was intended.
'/website/book/testCaseDesign/print.html' found in file 'C:\repos\nus-cs2103-AY2021S1\cs2103-website\book\index.md'
2021-04-14T05:12:13.035Z - warn: You might have an invalid intra-link! Ignore this warning if it was intended.
'/website/book/revisionControl/print.html' found in file 'C:\repos\nus-cs2103-AY2021S1\cs2103-website\book\index.md'
2021-04-14T05:12:13.037Z - warn: You might have an invalid intra-link! Ignore this warning if it was intended.
'/website/book/projectPlanning/print.html' found in file 'C:\repos\nus-cs2103-AY2021S1\cs2103-website\book\index.md'
2021-04-14T05:12:13.038Z - warn: You might have an invalid intra-link! Ignore this warning if it was intended.
'/website/book/teamwork/print.html' found in file 'C:\repos\nus-cs2103-AY2021S1\cs2103-website\book\index.md'
2021-04-14T05:12:13.039Z - warn: You might have an invalid intra-link! Ignore this warning if it was intended.
'/website/book/processModels/print.html' found in file 'C:\repos\nus-cs2103-AY2021S1\cs2103-website\book\index.md'
2021-04-14T05:12:13.040Z - warn: You might have an invalid intra-link! Ignore this warning if it was intended.
'/website/book/uml/print.html' found in file 'C:\repos\nus-cs2103-AY2021S1\cs2103-website\book\index.md'
2021-04-14T05:12:13.041Z - warn: You might have an invalid intra-link! Ignore this warning if it was intended.
'/website/book/intellij/print.html' found in file 'C:\repos\nus-cs2103-AY2021S1\cs2103-website\book\index.md'
2021-04-14T05:12:13.041Z - warn: You might have an invalid intra-link! Ignore this warning if it was intended.
'/website/book/gitAndGithub/print.html' found in file 'C:\repos\nus-cs2103-AY2021S1\cs2103-website\book\index.md'
2021-04-14T05:12:13.042Z - warn: You might have an invalid intra-link! Ignore this warning if it was intended.
'/website/book/principles/print.html' found in file 'C:\repos\nus-cs2103-AY2021S1\cs2103-website\book\index.md'
2021-04-14T05:12:13.043Z - warn: You might have an invalid intra-link! Ignore this warning if it was intended.
'/website/book/cppToJava/print.html' found in file 'C:\repos\nus-cs2103-AY2021S1\cs2103-website\book\index.md'
2021-04-14T05:12:13.044Z - warn: You might have an invalid intra-link! Ignore this warning if it was intended.
'/website/book/common/definitions.html' found in file 'C:\repos\nus-cs2103-AY2021S1\cs2103-website\book\index.md'
2021-04-14T05:12:13.045Z - warn: You might have an invalid intra-link! Ignore this warning if it was intended.
'/website/book/common/references.html' found in file 'C:\repos\nus-cs2103-AY2021S1\cs2103-website\book\index.md'
2021-04-14T05:12:13.045Z - warn: You might have an invalid intra-link! Ignore this warning if it was intended.
'/website/book/common/outcomes.html' found in file 'C:\repos\nus-cs2103-AY2021S1\cs2103-website\book\index.md'
2021-04-14T05:12:13.045Z - warn: You might have an invalid intra-link! Ignore this warning if it was intended.
'/website/book/common/print.html' found in file 'C:\repos\nus-cs2103-AY2021S1\cs2103-website\book\index.md'
2021-04-14T05:13:56.131Z - debug:  
2021-04-14T05:14:11.977Z - debug:  
2021-04-14T05:14:11.977Z - debug:  
2021-04-14T05:14:18.826Z - info: Pages built
2021-04-14T05:14:19.592Z - info: Site data built
2021-04-14T05:14:19.592Z - info: Website generation complete! Total build time: 224.725s
2021-04-14T05:14:19.593Z - info: Build success!
2021-04-14T05:14:26.103Z - info: Deployed at https://nus-tic4002-ay2021s2.github.io/website!
2021-04-14T05:36:13.615Z - info: Website generation (lazy) started at 1:36:05 PM
2021-04-14T05:36:24.248Z - info: Building assets...
2021-04-14T05:36:30.367Z - info: Assets built
2021-04-14T05:36:30.368Z - info: Generating landing page...
2021-04-14T05:36:31.531Z - info: Landing page built, other pages will be built as you navigate to them!
2021-04-14T05:36:32.137Z - info: Site data built
2021-04-14T05:36:32.137Z - info: Website generation (lazy) complete! Total build time: 26.782s
2021-04-14T05:36:32.964Z - info: Serving "C:\repos\nus-cs2103-AY2021S1\cs2103-website\_site" at http://127.0.0.1:8080
2021-04-14T05:36:32.965Z - info: Press CTRL+C to stop ...
2021-04-14T05:47:36.688Z - info: [1:47:36 PM] Reload for file change: C:\repos\nus-cs2103-AY2021S1\cs2103-website\admin\exams.md
2021-04-14T05:47:37.711Z - info: Assets built
2021-04-14T05:47:37.727Z - info: Building C:\repos\nus-cs2103-AY2021S1\cs2103-website\admin\index as some of its dependencies were changed since the last visit
2021-04-14T05:47:38.505Z - info: Site data built
2021-04-14T05:47:38.506Z - info: Lazy website regeneration complete! Total build time: 0.778s
2021-04-14T05:47:41.723Z - info: Building C:\repos\nus-cs2103-AY2021S1\cs2103-website\admin\exams as some of its dependencies were changed since the last visit
2021-04-14T05:47:41.989Z - info: Site data built
2021-04-14T05:47:41.989Z - info: Lazy website regeneration complete! Total build time: 0.266s
2021-04-14T05:48:20.888Z - info: [1:48:20 PM] Reload for file change: C:\repos\nus-cs2103-AY2021S1\cs2103-website\admin\exams.md
2021-04-14T05:48:21.889Z - info: Rebuilding 1 pages
2021-04-14T05:48:22.318Z - info: Site data built
2021-04-14T05:48:22.319Z - info: Pages rebuilt
2021-04-14T05:48:22.319Z - info: Website regeneration complete! Total build time: 0.431s
2021-04-14T05:48:44.932Z - info: [1:48:44 PM] Reload for file change: C:\repos\nus-cs2103-AY2021S1\cs2103-website\admin\exams.md
2021-04-14T05:48:45.945Z - info: Rebuilding 1 pages
2021-04-14T05:48:46.615Z - info: Site data built
2021-04-14T05:48:46.616Z - info: Pages rebuilt
2021-04-14T05:48:46.616Z - info: Website regeneration complete! Total build time: 0.676s
2021-04-14T05:51:19.321Z - info: Website generation started at 1:51:15 PM
2021-04-14T05:51:29.865Z - info: Building assets...
