2020-12-15T16:01:05.029Z - info: Building C:\repos\nus-cs2103-AY2021S1\cs2103-website\admin\tp-w13 as some of its dependencies were changed since the last visit
2020-12-15T16:01:06.918Z - info: Site data built
2020-12-15T16:01:06.919Z - info: Lazy website regeneration complete! Total build time: 1.897s
2020-12-15T16:06:42.684Z - info: [12:06:42 AM] Reload for file change: C:\repos\nus-cs2103-AY2021S1\cs2103-website\admin\tp-tasks.mbdf
2020-12-15T16:06:43.698Z - info: Rebuilding 1 pages
2020-12-15T16:06:45.830Z - info: Site data built
2020-12-15T16:06:45.832Z - info: Pages rebuilt
2020-12-15T16:06:45.832Z - info: Website regeneration complete! Total build time: 2.135s
2020-12-15T16:06:59.781Z - info: [12:06:59 AM] Reload for file change: C:\repos\nus-cs2103-AY2021S1\cs2103-website\admin\tp-tasks.mbdf
2020-12-15T16:07:00.804Z - info: Rebuilding 1 pages
2020-12-15T16:07:02.769Z - info: Site data built
2020-12-15T16:07:02.771Z - info: Pages rebuilt
2020-12-15T16:07:02.771Z - info: Website regeneration complete! Total build time: 1.973s
2020-12-15T16:07:30.773Z - info: [12:07:30 AM] Reload for file change: C:\repos\nus-cs2103-AY2021S1\cs2103-website\admin\tp-tasks.mbdf
2020-12-15T16:07:31.779Z - info: Rebuilding 1 pages
2020-12-15T16:07:33.933Z - info: Site data built
2020-12-15T16:07:33.934Z - info: Pages rebuilt
2020-12-15T16:07:33.934Z - info: Website regeneration complete! Total build time: 2.156s
2020-12-15T16:08:01.768Z - info: [12:08:01 AM] Reload for file change: C:\repos\nus-cs2103-AY2021S1\cs2103-website\admin\tp-tasks.mbdf
2020-12-15T16:08:02.788Z - info: Rebuilding 1 pages
2020-12-15T16:08:04.764Z - info: Site data built
2020-12-15T16:08:04.764Z - info: Pages rebuilt
2020-12-15T16:08:04.765Z - info: Website regeneration complete! Total build time: 1.98s
2020-12-15T16:09:11.692Z - info: [12:09:11 AM] Reload for file change: C:\repos\nus-cs2103-AY2021S1\cs2103-website\admin\tp-tasks.mbdf
2020-12-15T16:09:12.697Z - info: Rebuilding 1 pages
2020-12-15T16:09:14.422Z - info: Site data built
2020-12-15T16:09:14.422Z - info: Pages rebuilt
2020-12-15T16:09:14.422Z - info: Website regeneration complete! Total build time: 1.727s
2020-12-15T16:09:28.946Z - info: [12:09:28 AM] Reload for file change: C:\repos\nus-cs2103-AY2021S1\cs2103-website\admin\tp-tasks.mbdf
2020-12-15T16:09:30.017Z - info: Rebuilding 1 pages
2020-12-15T16:09:31.867Z - info: Site data built
2020-12-15T16:09:31.869Z - info: Pages rebuilt
2020-12-15T16:09:31.869Z - info: Website regeneration complete! Total build time: 1.853s
2020-12-15T16:09:44.426Z - info: [12:09:44 AM] Reload for file change: C:\repos\nus-cs2103-AY2021S1\cs2103-website\admin\tp-tasks.mbdf
2020-12-15T16:09:45.430Z - info: Rebuilding 1 pages
2020-12-15T16:09:47.640Z - info: Site data built
2020-12-15T16:09:47.640Z - info: Pages rebuilt
2020-12-15T16:09:47.640Z - info: Website regeneration complete! Total build time: 2.213s
2020-12-15T16:10:04.712Z - info: [12:10:04 AM] Reload for file change: C:\repos\nus-cs2103-AY2021S1\cs2103-website\admin\tp-tasks.mbdf
2020-12-15T16:10:05.724Z - info: Rebuilding 1 pages
2020-12-15T16:10:07.531Z - info: Site data built
2020-12-15T16:10:07.531Z - info: Pages rebuilt
2020-12-15T16:10:07.532Z - info: Website regeneration complete! Total build time: 1.809s
2020-12-15T16:10:33.624Z - info: [12:10:33 AM] Reload for file change: C:\repos\nus-cs2103-AY2021S1\cs2103-website\admin\tp-tasks.mbdf
2020-12-15T16:10:34.629Z - info: Rebuilding 1 pages
2020-12-15T16:10:36.522Z - info: Site data built
2020-12-15T16:10:36.522Z - info: Pages rebuilt
2020-12-15T16:10:36.523Z - info: Website regeneration complete! Total build time: 1.894s
2020-12-15T16:11:13.012Z - info: [12:11:13 AM] Reload for file change: C:\repos\nus-cs2103-AY2021S1\cs2103-website\admin\tp-tasks.mbdf
2020-12-15T16:11:14.026Z - info: Rebuilding 1 pages
2020-12-15T16:11:16.809Z - info: Site data built
2020-12-15T16:11:16.810Z - info: Pages rebuilt
2020-12-15T16:11:16.810Z - info: Website regeneration complete! Total build time: 2.788s
2020-12-15T16:20:12.290Z - info: Building C:\repos\nus-cs2103-AY2021S1\cs2103-website\admin\tp-w9 as some of its dependencies were changed since the last visit
2020-12-15T16:20:13.975Z - info: Site data built
2020-12-15T16:20:13.976Z - info: Lazy website regeneration complete! Total build time: 1.691s
2020-12-15T16:20:17.889Z - info: Building C:\repos\nus-cs2103-AY2021S1\cs2103-website\admin\tp-w10 as some of its dependencies were changed since the last visit
2020-12-15T16:20:19.379Z - info: Site data built
2020-12-15T16:20:19.379Z - info: Lazy website regeneration complete! Total build time: 1.49s
2020-12-15T16:27:07.703Z - info: Building C:\repos\nus-cs2103-AY2021S1\cs2103-website\admin\tp-w5 as some of its dependencies were changed since the last visit
2020-12-15T16:27:09.187Z - info: Site data built
2020-12-15T16:27:09.187Z - info: Lazy website regeneration complete! Total build time: 1.486s
2020-12-15T16:27:14.645Z - info: Building C:\repos\nus-cs2103-AY2021S1\cs2103-website\admin\tp-w8 as some of its dependencies were changed since the last visit
2020-12-15T16:27:15.531Z - info: Site data built
2020-12-15T16:27:15.532Z - info: Lazy website regeneration complete! Total build time: 0.886s
2020-12-15T16:28:05.948Z - info: Building C:\repos\nus-cs2103-AY2021S1\cs2103-website\admin\tp-w7 as some of its dependencies were changed since the last visit
2020-12-15T16:28:08.456Z - info: Site data built
2020-12-15T16:28:08.457Z - info: Lazy website regeneration complete! Total build time: 2.509s
2020-12-15T16:28:58.630Z - info: Building C:\repos\nus-cs2103-AY2021S1\cs2103-website\schedule\timeline as some of its dependencies were changed since the last visit
2020-12-15T16:29:06.811Z - info: Site data built
2020-12-15T16:29:06.812Z - info: Lazy website regeneration complete! Total build time: 8.183s
2020-12-15T16:29:29.750Z - info: Building C:\repos\nus-cs2103-AY2021S1\cs2103-website\schedule\week6\project as some of its dependencies were changed since the last visit
2020-12-15T16:29:32.130Z - info: Site data built
2020-12-15T16:29:32.131Z - info: Lazy website regeneration complete! Total build time: 2.383s
2020-12-15T16:29:48.912Z - info: Building C:\repos\nus-cs2103-AY2021S1\cs2103-website\schedule\week7\project as some of its dependencies were changed since the last visit
2020-12-15T16:29:50.712Z - info: Site data built
2020-12-15T16:29:50.712Z - info: Lazy website regeneration complete! Total build time: 1.8s
2020-12-15T16:30:03.718Z - info: Building C:\repos\nus-cs2103-AY2021S1\cs2103-website\schedule\week8\project as some of its dependencies were changed since the last visit
2020-12-15T16:30:04.516Z - info: Site data built
2020-12-15T16:30:04.516Z - info: Lazy website regeneration complete! Total build time: 0.804s
2020-12-15T16:33:19.224Z - info: [12:33:19 AM] Reload for file change: C:\repos\nus-cs2103-AY2021S1\cs2103-website\admin\tp-tasks.mbdf
2020-12-15T16:33:20.233Z - info: Rebuilding 1 pages
2020-12-15T16:33:21.950Z - info: Site data built
2020-12-15T16:33:21.953Z - info: Pages rebuilt
2020-12-15T16:33:21.953Z - info: Website regeneration complete! Total build time: 1.723s
2020-12-15T16:33:30.867Z - info: [12:33:30 AM] Reload for file change: C:\repos\nus-cs2103-AY2021S1\cs2103-website\admin\tp-tasks.mbdf
2020-12-15T16:33:31.880Z - info: Rebuilding 1 pages
2020-12-15T16:33:33.221Z - info: Site data built
2020-12-15T16:33:33.222Z - info: Pages rebuilt
2020-12-15T16:33:33.222Z - info: Website regeneration complete! Total build time: 1.346s
2020-12-15T16:35:31.609Z - info: Building C:\repos\nus-cs2103-AY2021S1\cs2103-website\admin\index as some of its dependencies were changed since the last visit
2020-12-15T16:35:32.534Z - info: Site data built
2020-12-15T16:35:32.535Z - info: Lazy website regeneration complete! Total build time: 0.927s
2020-12-15T16:35:39.802Z - info: Building C:\repos\nus-cs2103-AY2021S1\cs2103-website\admin\tp-pe as some of its dependencies were changed since the last visit
2020-12-15T16:35:41.379Z - info: Site data built
2020-12-15T16:35:41.380Z - info: Lazy website regeneration complete! Total build time: 1.578s
2020-12-15T16:38:09.229Z - info: [12:38:09 AM] Reload for file change: C:\repos\nus-cs2103-AY2021S1\cs2103-website\admin\tp-ped.mbdf
2020-12-15T16:38:10.244Z - info: Rebuilding 1 pages
2020-12-15T16:38:12.108Z - info: Site data built
2020-12-15T16:38:12.109Z - info: Pages rebuilt
2020-12-15T16:38:12.110Z - info: Website regeneration complete! Total build time: 1.867s
2020-12-15T16:38:27.789Z - info: [12:38:27 AM] Reload for file change: C:\repos\nus-cs2103-AY2021S1\cs2103-website\admin\tp-ped.mbdf
2020-12-15T16:38:28.796Z - info: Rebuilding 1 pages
2020-12-15T16:38:30.390Z - info: Site data built
2020-12-15T16:38:30.390Z - info: Pages rebuilt
2020-12-15T16:38:30.391Z - info: Website regeneration complete! Total build time: 1.595s
2020-12-15T16:41:46.800Z - info: [12:41:46 AM] Reload for file change: C:\repos\nus-cs2103-AY2021S1\cs2103-website\admin\tp-ped.mbdf
2020-12-15T16:41:47.806Z - info: Rebuilding 1 pages
2020-12-15T16:41:49.837Z - info: Site data built
2020-12-15T16:41:49.844Z - info: Pages rebuilt
2020-12-15T16:41:49.844Z - info: Website regeneration complete! Total build time: 2.039s
2020-12-15T16:43:07.965Z - info: [12:43:07 AM] Reload for file change: C:\repos\nus-cs2103-AY2021S1\cs2103-website\admin\tp-ped.mbdf
2020-12-15T16:43:08.977Z - info: Rebuilding 1 pages
2020-12-15T16:43:10.906Z - info: Site data built
2020-12-15T16:43:10.907Z - info: Pages rebuilt
2020-12-15T16:43:10.907Z - info: Website regeneration complete! Total build time: 1.934s
2020-12-15T16:43:58.937Z - info: [12:43:58 AM] Reload for file change: C:\repos\nus-cs2103-AY2021S1\cs2103-website\admin\tp-ped.mbdf
2020-12-15T16:43:59.946Z - info: Rebuilding 1 pages
2020-12-15T16:44:01.852Z - info: Site data built
2020-12-15T16:44:01.854Z - info: Pages rebuilt
2020-12-15T16:44:01.854Z - info: Website regeneration complete! Total build time: 1.909s
2020-12-15T16:44:39.410Z - info: [12:44:39 AM] Reload for file change: C:\repos\nus-cs2103-AY2021S1\cs2103-website\admin\tp-ped.mbdf
2020-12-15T16:44:40.428Z - info: Rebuilding 1 pages
2020-12-15T16:44:42.430Z - info: Site data built
2020-12-15T16:44:42.431Z - info: Pages rebuilt
2020-12-15T16:44:42.431Z - info: Website regeneration complete! Total build time: 2.007s
2020-12-15T16:45:11.808Z - info: [12:45:11 AM] Reload for file change: C:\repos\nus-cs2103-AY2021S1\cs2103-website\admin\tp-ped.mbdf
2020-12-15T16:45:12.821Z - info: Rebuilding 1 pages
2020-12-15T16:45:14.303Z - info: Site data built
2020-12-15T16:45:14.304Z - info: Pages rebuilt
2020-12-15T16:45:14.304Z - info: Website regeneration complete! Total build time: 1.486s
2020-12-15T16:45:24.922Z - info: [12:45:24 AM] Reload for file change: C:\repos\nus-cs2103-AY2021S1\cs2103-website\admin\tp-ped.mbdf
2020-12-15T16:45:25.924Z - info: Rebuilding 1 pages
2020-12-15T16:45:27.218Z - info: Site data built
2020-12-15T16:45:27.219Z - info: Pages rebuilt
2020-12-15T16:45:27.219Z - info: Website regeneration complete! Total build time: 1.296s
2020-12-15T16:53:52.525Z - info: Building C:\repos\nus-cs2103-AY2021S1\cs2103-website\admin\tp-w13 as some of its dependencies were changed since the last visit
2020-12-15T16:53:55.115Z - info: Site data built
2020-12-15T16:53:55.116Z - info: Lazy website regeneration complete! Total build time: 2.598s
2020-12-15T16:54:04.876Z - info: Building C:\repos\nus-cs2103-AY2021S1\cs2103-website\admin\tp-w11 as some of its dependencies were changed since the last visit
2020-12-15T16:54:05.941Z - info: Site data built
2020-12-15T16:54:05.941Z - info: Lazy website regeneration complete! Total build time: 1.065s
2020-12-15T17:15:30.492Z - info: Website generation started at 1:15:24 AM
2020-12-15T17:15:39.362Z - info: Building assets...
2020-12-15T17:15:44.709Z - info: Assets built
2020-12-15T17:15:44.709Z - info: Generating pages...
2020-12-15T17:15:56.460Z - debug:  
2020-12-15T17:15:56.461Z - debug:  
2020-12-15T17:15:56.461Z - debug:  
2020-12-15T17:15:56.462Z - debug:  
2020-12-15T17:15:56.462Z - debug:  
2020-12-15T17:15:58.044Z - debug:  
2020-12-15T17:16:30.054Z - warn: You might have an invalid intra-link! Ignore this warning if it was intended.
'/website/book/about/usage.html' found in file 'C:\repos\nus-cs2103-AY2021S1\cs2103-website\book\index.md'
2020-12-15T17:16:30.056Z - warn: You might have an invalid intra-link! Ignore this warning if it was intended.
'/website/book/softwareEngineering/print.html' found in file 'C:\repos\nus-cs2103-AY2021S1\cs2103-website\book\index.md'
2020-12-15T17:16:30.057Z - warn: You might have an invalid intra-link! Ignore this warning if it was intended.
'/website/book/oop/print.html' found in file 'C:\repos\nus-cs2103-AY2021S1\cs2103-website\book\index.md'
2020-12-15T17:16:30.058Z - warn: You might have an invalid intra-link! Ignore this warning if it was intended.
'/website/book/requirements/print.html' found in file 'C:\repos\nus-cs2103-AY2021S1\cs2103-website\book\index.md'
2020-12-15T17:16:30.059Z - warn: You might have an invalid intra-link! Ignore this warning if it was intended.
'/website/book/gatheringRequirements/print.html' found in file 'C:\repos\nus-cs2103-AY2021S1\cs2103-website\book\index.md'
2020-12-15T17:16:30.060Z - warn: You might have an invalid intra-link! Ignore this warning if it was intended.
'/website/book/specifyingRequirements/print.html' found in file 'C:\repos\nus-cs2103-AY2021S1\cs2103-website\book\index.md'
2020-12-15T17:16:30.060Z - warn: You might have an invalid intra-link! Ignore this warning if it was intended.
'/website/book/design/print.html' found in file 'C:\repos\nus-cs2103-AY2021S1\cs2103-website\book\index.md'
2020-12-15T17:16:30.061Z - warn: You might have an invalid intra-link! Ignore this warning if it was intended.
'/website/book/designFundamentals/print.html' found in file 'C:\repos\nus-cs2103-AY2021S1\cs2103-website\book\index.md'
2020-12-15T17:16:30.062Z - warn: You might have an invalid intra-link! Ignore this warning if it was intended.
'/website/book/modeling/print.html' found in file 'C:\repos\nus-cs2103-AY2021S1\cs2103-website\book\index.md'
2020-12-15T17:16:30.062Z - warn: You might have an invalid intra-link! Ignore this warning if it was intended.
'/website/book/architecture/print.html' found in file 'C:\repos\nus-cs2103-AY2021S1\cs2103-website\book\index.md'
2020-12-15T17:16:30.063Z - warn: You might have an invalid intra-link! Ignore this warning if it was intended.
'/website/book/designPatterns/print.html' found in file 'C:\repos\nus-cs2103-AY2021S1\cs2103-website\book\index.md'
2020-12-15T17:16:30.063Z - warn: You might have an invalid intra-link! Ignore this warning if it was intended.
'/website/book/designApproaches/print.html' found in file 'C:\repos\nus-cs2103-AY2021S1\cs2103-website\book\index.md'
2020-12-15T17:16:30.064Z - warn: You might have an invalid intra-link! Ignore this warning if it was intended.
'/website/book/ides/print.html' found in file 'C:\repos\nus-cs2103-AY2021S1\cs2103-website\book\index.md'
2020-12-15T17:16:30.069Z - warn: You might have an invalid intra-link! Ignore this warning if it was intended.
'/website/book/codeQuality/print.html' found in file 'C:\repos\nus-cs2103-AY2021S1\cs2103-website\book\index.md'
2020-12-15T17:16:30.070Z - warn: You might have an invalid intra-link! Ignore this warning if it was intended.
'/website/book/refactoring/print.html' found in file 'C:\repos\nus-cs2103-AY2021S1\cs2103-website\book\index.md'
2020-12-15T17:16:30.070Z - warn: You might have an invalid intra-link! Ignore this warning if it was intended.
'/website/book/documentation/print.html' found in file 'C:\repos\nus-cs2103-AY2021S1\cs2103-website\book\index.md'
2020-12-15T17:16:30.071Z - warn: You might have an invalid intra-link! Ignore this warning if it was intended.
'/website/book/errorHandling/print.html' found in file 'C:\repos\nus-cs2103-AY2021S1\cs2103-website\book\index.md'
2020-12-15T17:16:30.071Z - warn: You might have an invalid intra-link! Ignore this warning if it was intended.
'/website/book/integration/print.html' found in file 'C:\repos\nus-cs2103-AY2021S1\cs2103-website\book\index.md'
2020-12-15T17:16:30.072Z - warn: You might have an invalid intra-link! Ignore this warning if it was intended.
'/website/book/reuse/print.html' found in file 'C:\repos\nus-cs2103-AY2021S1\cs2103-website\book\index.md'
2020-12-15T17:16:30.072Z - warn: You might have an invalid intra-link! Ignore this warning if it was intended.
'/website/book/qualityAssurance/print.html' found in file 'C:\repos\nus-cs2103-AY2021S1\cs2103-website\book\index.md'
2020-12-15T17:16:30.073Z - warn: You might have an invalid intra-link! Ignore this warning if it was intended.
'/website/book/testing/print.html' found in file 'C:\repos\nus-cs2103-AY2021S1\cs2103-website\book\index.md'
2020-12-15T17:16:30.074Z - warn: You might have an invalid intra-link! Ignore this warning if it was intended.
'/website/book/testCaseDesign/print.html' found in file 'C:\repos\nus-cs2103-AY2021S1\cs2103-website\book\index.md'
2020-12-15T17:16:30.074Z - warn: You might have an invalid intra-link! Ignore this warning if it was intended.
'/website/book/revisionControl/print.html' found in file 'C:\repos\nus-cs2103-AY2021S1\cs2103-website\book\index.md'
2020-12-15T17:16:30.075Z - warn: You might have an invalid intra-link! Ignore this warning if it was intended.
'/website/book/projectPlanning/print.html' found in file 'C:\repos\nus-cs2103-AY2021S1\cs2103-website\book\index.md'
2020-12-15T17:16:30.075Z - warn: You might have an invalid intra-link! Ignore this warning if it was intended.
'/website/book/teamwork/print.html' found in file 'C:\repos\nus-cs2103-AY2021S1\cs2103-website\book\index.md'
2020-12-15T17:16:30.076Z - warn: You might have an invalid intra-link! Ignore this warning if it was intended.
'/website/book/processModels/print.html' found in file 'C:\repos\nus-cs2103-AY2021S1\cs2103-website\book\index.md'
2020-12-15T17:16:30.077Z - warn: You might have an invalid intra-link! Ignore this warning if it was intended.
'/website/book/uml/print.html' found in file 'C:\repos\nus-cs2103-AY2021S1\cs2103-website\book\index.md'
2020-12-15T17:16:30.077Z - warn: You might have an invalid intra-link! Ignore this warning if it was intended.
'/website/book/intellij/print.html' found in file 'C:\repos\nus-cs2103-AY2021S1\cs2103-website\book\index.md'
2020-12-15T17:16:30.078Z - warn: You might have an invalid intra-link! Ignore this warning if it was intended.
'/website/book/gitAndGithub/print.html' found in file 'C:\repos\nus-cs2103-AY2021S1\cs2103-website\book\index.md'
2020-12-15T17:16:30.078Z - warn: You might have an invalid intra-link! Ignore this warning if it was intended.
'/website/book/principles/print.html' found in file 'C:\repos\nus-cs2103-AY2021S1\cs2103-website\book\index.md'
2020-12-15T17:16:30.079Z - warn: You might have an invalid intra-link! Ignore this warning if it was intended.
'/website/book/cppToJava/print.html' found in file 'C:\repos\nus-cs2103-AY2021S1\cs2103-website\book\index.md'
2020-12-15T17:16:30.080Z - warn: You might have an invalid intra-link! Ignore this warning if it was intended.
'/website/book/common/definitions.html' found in file 'C:\repos\nus-cs2103-AY2021S1\cs2103-website\book\index.md'
2020-12-15T17:16:30.080Z - warn: You might have an invalid intra-link! Ignore this warning if it was intended.
'/website/book/common/references.html' found in file 'C:\repos\nus-cs2103-AY2021S1\cs2103-website\book\index.md'
2020-12-15T17:16:30.080Z - warn: You might have an invalid intra-link! Ignore this warning if it was intended.
'/website/book/common/outcomes.html' found in file 'C:\repos\nus-cs2103-AY2021S1\cs2103-website\book\index.md'
2020-12-15T17:16:30.081Z - warn: You might have an invalid intra-link! Ignore this warning if it was intended.
'/website/book/common/print.html' found in file 'C:\repos\nus-cs2103-AY2021S1\cs2103-website\book\index.md'
2020-12-15T17:17:20.712Z - warn: You might have an invalid intra-link! Ignore this warning if it was intended.
'/website/schedule/week14' found in file 'C:\repos\nus-cs2103-AY2021S1\cs2103-website\schedule\week13\tutorial.md'
2020-12-15T17:17:21.035Z - warn: You might have an invalid intra-link! Ignore this warning if it was intended.
'/website/schedule/week0' found in file 'C:\repos\nus-cs2103-AY2021S1\cs2103-website\schedule\week1\tutorial.md'
2020-12-15T17:17:36.408Z - warn: You might have an invalid intra-link! Ignore this warning if it was intended.
'/website/schedule/week14' found in file 'C:\repos\nus-cs2103-AY2021S1\cs2103-website\schedule\week13\topics.md'
2020-12-15T17:17:41.656Z - warn: You might have an invalid intra-link! Ignore this warning if it was intended.
'/website/schedule/week0' found in file 'C:\repos\nus-cs2103-AY2021S1\cs2103-website\schedule\week1\topics.md'
2020-12-15T17:17:52.595Z - warn: You might have an invalid intra-link! Ignore this warning if it was intended.
'/website/schedule/week14' found in file 'C:\repos\nus-cs2103-AY2021S1\cs2103-website\schedule\week13\project.md'
2020-12-15T17:17:55.528Z - warn: You might have an invalid intra-link! Ignore this warning if it was intended.
'/website/schedule/week0' found in file 'C:\repos\nus-cs2103-AY2021S1\cs2103-website\schedule\week1\project.md'
2020-12-15T17:17:59.453Z - warn: You might have an invalid intra-link! Ignore this warning if it was intended.
'/website/schedule/week14' found in file 'C:\repos\nus-cs2103-AY2021S1\cs2103-website\schedule\week13\index.md'
2020-12-15T17:18:00.886Z - warn: You might have an invalid intra-link! Ignore this warning if it was intended.
'/website/schedule/week0' found in file 'C:\repos\nus-cs2103-AY2021S1\cs2103-website\schedule\week1\index.md'
2020-12-15T17:18:00.888Z - warn: You might have an invalid intra-link! Ignore this warning if it was intended.
'/website/admin/topics.html' found in file 'C:\repos\nus-cs2103-AY2021S1\cs2103-website\admin\common-notices.mbdf'
2020-12-15T17:18:00.889Z - warn: You might have an invalid intra-link! Ignore this warning if it was intended.
'/website/admin/admin.html' found in file 'C:\repos\nus-cs2103-AY2021S1\cs2103-website\admin\common-notices.mbdf'
2020-12-15T17:18:03.359Z - warn: You might have an invalid intra-link! Ignore this warning if it was intended.
'/website/schedule/week14' found in file 'C:\repos\nus-cs2103-AY2021S1\cs2103-website\schedule\week13\admin.md'
2020-12-15T17:18:09.214Z - warn: You might have an invalid intra-link! Ignore this warning if it was intended.
'/website/schedule/week0' found in file 'C:\repos\nus-cs2103-AY2021S1\cs2103-website\schedule\week1\admin.md'
2020-12-15T17:18:10.244Z - warn: You might have an invalid intra-link! Ignore this warning if it was intended.
'/website/schedule/week0' found in file 'C:\repos\nus-cs2103-AY2021S1\cs2103-website\schedule\week1\index.md'
2020-12-15T17:18:10.247Z - warn: You might have an invalid intra-link! Ignore this warning if it was intended.
'/website/admin/topics.html' found in file 'C:\repos\nus-cs2103-AY2021S1\cs2103-website\admin\common-notices.mbdf'
2020-12-15T17:18:10.248Z - warn: You might have an invalid intra-link! Ignore this warning if it was intended.
'/website/admin/admin.html' found in file 'C:\repos\nus-cs2103-AY2021S1\cs2103-website\admin\common-notices.mbdf'
2020-12-15T17:18:10.896Z - debug:  
2020-12-15T17:18:23.204Z - debug:  
2020-12-15T17:18:23.204Z - debug:  
2020-12-15T17:18:33.838Z - info: Pages built
2020-12-15T17:18:34.434Z - info: Site data built
2020-12-15T17:18:34.435Z - info: Website generation complete! Total build time: 190.274s
2020-12-15T17:18:35.234Z - info: Serving "C:\repos\nus-cs2103-AY2021S1\cs2103-website\_site" at http://127.0.0.1:8080
2020-12-15T17:18:35.234Z - info: Press CTRL+C to stop ...
2020-12-16T06:46:57.994Z - info: Website generation (lazy) started at 2:46:50 PM
2020-12-16T06:47:10.180Z - info: Building assets...
2020-12-16T06:47:17.032Z - info: Assets built
2020-12-16T06:47:17.034Z - info: Generating landing page...
2020-12-16T06:47:18.658Z - warn: You might have an invalid intra-link! Ignore this warning if it was intended.
'/website/schedule/week14' found in file 'C:\repos\nus-cs2103-AY2021S1\cs2103-website\schedule\week13\index.md'
2020-12-16T06:47:18.825Z - info: Landing page built, other pages will be built as you navigate to them!
2020-12-16T06:47:19.343Z - info: Site data built
2020-12-16T06:47:19.343Z - info: Website generation (lazy) complete! Total build time: 28.454s
2020-12-16T06:47:20.463Z - info: Serving "C:\repos\nus-cs2103-AY2021S1\cs2103-website\_site" at http://127.0.0.1:8080
2020-12-16T06:47:20.463Z - info: Press CTRL+C to stop ...
2020-12-16T06:55:50.219Z - info: [2:55:50 PM] Reload for file change: C:\repos\nus-cs2103-AY2021S1\cs2103-website\_markbind\headers\header.md
2020-12-16T06:55:50.338Z - info: [2:55:50 PM] Reload for file change: C:\repos\nus-cs2103-AY2021S1\cs2103-website\_markbind\headers\header.md
2020-12-16T06:55:51.291Z - info: Rebuilding 1 pages
2020-12-16T06:55:52.327Z - warn: You might have an invalid intra-link! Ignore this warning if it was intended.
'/website/schedule/week14' found in file 'C:\repos\nus-cs2103-AY2021S1\cs2103-website\schedule\week13\index.md'
2020-12-16T06:55:52.423Z - info: Site data built
2020-12-16T06:55:52.424Z - info: Pages rebuilt
2020-12-16T06:55:52.424Z - info: Website regeneration complete! Total build time: 1.137s
2020-12-16T06:56:23.740Z - info: [2:56:23 PM] Reload for file change: C:\repos\nus-cs2103-AY2021S1\cs2103-website\_markbind\headers\header.md
2020-12-16T06:56:24.744Z - info: Rebuilding 1 pages
2020-12-16T06:56:25.402Z - warn: You might have an invalid intra-link! Ignore this warning if it was intended.
'/website/schedule/week14' found in file 'C:\repos\nus-cs2103-AY2021S1\cs2103-website\schedule\week13\index.md'
2020-12-16T06:56:25.446Z - info: Site data built
2020-12-16T06:56:25.447Z - info: Pages rebuilt
2020-12-16T06:56:25.447Z - info: Website regeneration complete! Total build time: 0.704s
2020-12-16T06:57:09.621Z - info: [2:57:09 PM] Reload for file change: C:\repos\nus-cs2103-AY2021S1\cs2103-website\_markbind\headers\header.md
2020-12-16T06:57:10.629Z - info: Rebuilding 1 pages
2020-12-16T06:57:11.481Z - warn: You might have an invalid intra-link! Ignore this warning if it was intended.
'/website/schedule/week14' found in file 'C:\repos\nus-cs2103-AY2021S1\cs2103-website\schedule\week13\index.md'
2020-12-16T06:57:11.535Z - info: Site data built
2020-12-16T06:57:11.536Z - info: Pages rebuilt
2020-12-16T06:57:11.536Z - info: Website regeneration complete! Total build time: 0.908s
2020-12-16T07:00:29.333Z - info: [3:00:29 PM] Reload for file change: C:\repos\nus-cs2103-AY2021S1\cs2103-website\_markbind\headers\header.md
2020-12-16T07:00:30.342Z - info: Rebuilding 1 pages
2020-12-16T07:00:30.900Z - warn: You might have an invalid intra-link! Ignore this warning if it was intended.
'/website/schedule/week14' found in file 'C:\repos\nus-cs2103-AY2021S1\cs2103-website\schedule\week13\index.md'
2020-12-16T07:00:30.938Z - info: Site data built
2020-12-16T07:00:30.938Z - info: Pages rebuilt
2020-12-16T07:00:30.938Z - info: Website regeneration complete! Total build time: 0.597s
2020-12-16T07:12:12.912Z - info: Website generation (lazy) started at 3:12:09 PM
2020-12-16T07:12:23.179Z - info: Building assets...
2020-12-16T07:12:28.662Z - info: Assets built
2020-12-16T07:12:28.662Z - info: Generating landing page...
2020-12-16T07:12:29.669Z - warn:  Template render error: (unknown path)
  parseIf: expected elif, else, or endif, got end of file
    at Object._prettifyError (C:\Users\damithch\AppData\Roaming\npm\node_modules\markbind-cli\node_modules\nunjucks\src\lib.js:36:11)
    at Template.render (C:\Users\damithch\AppData\Roaming\npm\node_modules\markbind-cli\node_modules\@markbind\core\src\patches\nunjucks\context-overrides-frame.js:358:19)
    at Environment.renderString (C:\Users\damithch\AppData\Roaming\npm\node_modules\markbind-cli\node_modules\@markbind\core\src\patches\nunjucks\context-overrides-frame.js:77:15)
    at VariableRenderer.render (C:\Users\damithch\AppData\Roaming\npm\node_modules\markbind-cli\node_modules\@markbind\core\src\variables\VariableRenderer.js:96:17)
    at VariableProcessor.renderSiteVariables (C:\Users\damithch\AppData\Roaming\npm\node_modules\markbind-cli\node_modules\@markbind\core\src\variables\VariableProcessor.js:163:53)
    at Page.insertHeaderFile (C:\Users\damithch\AppData\Roaming\npm\node_modules\markbind-cli\node_modules\@markbind\core\src\Page\index.js:568:62)
    at C:\Users\damithch\AppData\Roaming\npm\node_modules\markbind-cli\node_modules\@markbind\core\src\Page\index.js:893:28
2020-12-16T07:12:31.318Z - info: Site data built
2020-12-16T07:12:31.318Z - info: Website generation (lazy) complete! Total build time: 21.357s
2020-12-16T07:12:32.126Z - info: Serving "C:\repos\nus-cs2103-AY2021S1\cs2103-website\_site" at http://127.0.0.1:8080
2020-12-16T07:12:32.127Z - info: Press CTRL+C to stop ...
2020-12-16T07:25:09.820Z - info: Website generation (lazy) started at 3:25:09 PM
2020-12-16T07:25:18.475Z - info: Building assets...
2020-12-16T07:25:23.859Z - info: Assets built
2020-12-16T07:25:23.860Z - info: Generating landing page...
2020-12-16T07:25:24.785Z - warn: You might have an invalid intra-link! Ignore this warning if it was intended.
'/website/schedule/week14' found in file 'C:\repos\nus-cs2103-AY2021S1\cs2103-website\schedule\week13\index.md'
2020-12-16T07:25:24.921Z - info: Landing page built, other pages will be built as you navigate to them!
2020-12-16T07:25:25.346Z - info: Site data built
2020-12-16T07:25:25.346Z - info: Website generation (lazy) complete! Total build time: 15.783s
2020-12-16T07:25:26.244Z - info: Serving "C:\repos\nus-cs2103-AY2021S1\cs2103-website\_site" at http://127.0.0.1:8080
2020-12-16T07:25:26.244Z - info: Press CTRL+C to stop ...
2020-12-16T07:26:24.499Z - info: Website generation (lazy) started at 3:26:21 PM
2020-12-16T07:26:32.309Z - info: Building assets...
2020-12-16T07:26:38.082Z - info: Assets built
2020-12-16T07:26:38.083Z - info: Generating landing page...
2020-12-16T07:26:38.972Z - info: Landing page built, other pages will be built as you navigate to them!
2020-12-16T07:26:39.404Z - info: Site data built
2020-12-16T07:26:39.404Z - info: Website generation (lazy) complete! Total build time: 17.496s
2020-12-16T07:26:40.240Z - info: Serving "C:\repos\nus-cs2103-AY2021S1\cs2103-website\_site" at http://127.0.0.1:8080
2020-12-16T07:26:40.240Z - info: Press CTRL+C to stop ...
2020-12-16T07:32:23.882Z - info: Website generation (lazy) started at 3:32:20 PM
2020-12-16T07:32:31.554Z - info: Building assets...
2020-12-16T07:32:37.050Z - info: Assets built
2020-12-16T07:32:37.051Z - info: Generating landing page...
2020-12-16T07:32:38.377Z - warn: You might have an invalid intra-link! Ignore this warning if it was intended.
'/website/admin/ip-overview.html' found in file 'C:\repos\nus-cs2103-AY2021S1\cs2103-website\_markbind\headers\header.md'
2020-12-16T07:32:38.379Z - warn: You might have an invalid intra-link! Ignore this warning if it was intended.
'/website/admin/ip-showcase.html' found in file 'C:\repos\nus-cs2103-AY2021S1\cs2103-website\_markbind\headers\header.md'
2020-12-16T07:32:38.381Z - warn: You might have an invalid intra-link! Ignore this warning if it was intended.
'/website/admin/tp-expectations.html' found in file 'C:\repos\nus-cs2103-AY2021S1\cs2103-website\_markbind\headers\header.md'
2020-12-16T07:32:38.383Z - warn: You might have an invalid intra-link! Ignore this warning if it was intended.
'/website/admin/teamList.html' found in file 'C:\repos\nus-cs2103-AY2021S1\cs2103-website\_markbind\headers\header.md'
2020-12-16T07:32:38.385Z - warn: You might have an invalid intra-link! Ignore this warning if it was intended.
'/website/admin/tutorials.html' found in file 'C:\repos\nus-cs2103-AY2021S1\cs2103-website\_markbind\headers\header.md'
2020-12-16T07:32:39.125Z - info: Landing page built, other pages will be built as you navigate to them!
2020-12-16T07:32:39.545Z - info: Site data built
2020-12-16T07:32:39.546Z - info: Website generation (lazy) complete! Total build time: 18.821s
2020-12-16T07:32:40.326Z - info: Serving "C:\repos\nus-cs2103-AY2021S1\cs2103-website\_site" at http://127.0.0.1:8080
2020-12-16T07:32:40.326Z - info: Press CTRL+C to stop ...
2020-12-16T07:34:07.644Z - info: [3:34:07 PM] Reload for file change: C:\repos\nus-cs2103-AY2021S1\cs2103-website\_markbind\headers\header.md
2020-12-16T07:34:08.654Z - info: Rebuilding 1 pages
2020-12-16T07:34:09.761Z - warn: You might have an invalid intra-link! Ignore this warning if it was intended.
'/website/admin/ip-overview.html' found in file 'C:\repos\nus-cs2103-AY2021S1\cs2103-website\_markbind\headers\header.md'
2020-12-16T07:34:09.762Z - warn: You might have an invalid intra-link! Ignore this warning if it was intended.
'/website/admin/ip-showcase.html' found in file 'C:\repos\nus-cs2103-AY2021S1\cs2103-website\_markbind\headers\header.md'
2020-12-16T07:34:09.764Z - warn: You might have an invalid intra-link! Ignore this warning if it was intended.
'/website/admin/tp-expectations.html' found in file 'C:\repos\nus-cs2103-AY2021S1\cs2103-website\_markbind\headers\header.md'
2020-12-16T07:34:09.765Z - warn: You might have an invalid intra-link! Ignore this warning if it was intended.
'/website/admin/teamList.html' found in file 'C:\repos\nus-cs2103-AY2021S1\cs2103-website\_markbind\headers\header.md'
2020-12-16T07:34:09.767Z - warn: You might have an invalid intra-link! Ignore this warning if it was intended.
'/website/admin/tutorials.html' found in file 'C:\repos\nus-cs2103-AY2021S1\cs2103-website\_markbind\headers\header.md'
2020-12-16T07:34:10.437Z - info: Site data built
2020-12-16T07:34:10.441Z - info: Pages rebuilt
2020-12-16T07:34:10.442Z - info: Website regeneration complete! Total build time: 1.792s
2020-12-16T07:36:22.599Z - info: Website generation (lazy) started at 3:36:19 PM
2020-12-16T07:36:30.744Z - info: Building assets...
2020-12-16T07:36:36.381Z - info: Assets built
2020-12-16T07:36:36.382Z - info: Generating landing page...
2020-12-16T07:36:37.691Z - warn: You might have an invalid intra-link! Ignore this warning if it was intended.
'/website/admin/ip-overview.html' found in file 'C:\repos\nus-cs2103-AY2021S1\cs2103-website\_markbind\headers\header.md'
2020-12-16T07:36:37.693Z - warn: You might have an invalid intra-link! Ignore this warning if it was intended.
'/website/admin/ip-showcase.html' found in file 'C:\repos\nus-cs2103-AY2021S1\cs2103-website\_markbind\headers\header.md'
2020-12-16T07:36:37.695Z - warn: You might have an invalid intra-link! Ignore this warning if it was intended.
'/website/admin/tp-expectations.html' found in file 'C:\repos\nus-cs2103-AY2021S1\cs2103-website\_markbind\headers\header.md'
2020-12-16T07:36:37.697Z - warn: You might have an invalid intra-link! Ignore this warning if it was intended.
'/website/admin/teamList.html' found in file 'C:\repos\nus-cs2103-AY2021S1\cs2103-website\_markbind\headers\header.md'
2020-12-16T07:36:37.699Z - warn: You might have an invalid intra-link! Ignore this warning if it was intended.
'/website/admin/tutorials.html' found in file 'C:\repos\nus-cs2103-AY2021S1\cs2103-website\_markbind\headers\header.md'
2020-12-16T07:36:38.542Z - info: Landing page built, other pages will be built as you navigate to them!
2020-12-16T07:36:38.977Z - info: Site data built
2020-12-16T07:36:38.977Z - info: Website generation (lazy) complete! Total build time: 19.326s
2020-12-16T07:36:39.738Z - info: Serving "C:\repos\nus-cs2103-AY2021S1\cs2103-website\_site" at http://127.0.0.1:8080
2020-12-16T07:36:39.738Z - info: Press CTRL+C to stop ...
2020-12-16T07:37:14.762Z - info: Website generation (lazy) started at 3:37:11 PM
2020-12-16T07:37:23.922Z - info: Building assets...
2020-12-16T07:37:29.578Z - info: Assets built
2020-12-16T07:37:29.579Z - info: Generating landing page...
2020-12-16T07:37:30.713Z - warn: You might have an invalid intra-link! Ignore this warning if it was intended.
'/website/schedule/week14' found in file 'C:\repos\nus-cs2103-AY2021S1\cs2103-website\schedule\week13\index.md'
2020-12-16T07:37:30.912Z - info: Landing page built, other pages will be built as you navigate to them!
2020-12-16T07:37:31.360Z - info: Site data built
2020-12-16T07:37:31.361Z - info: Website generation (lazy) complete! Total build time: 19.934s
2020-12-16T07:37:32.142Z - info: Serving "C:\repos\nus-cs2103-AY2021S1\cs2103-website\_site" at http://127.0.0.1:8080
2020-12-16T07:37:32.142Z - info: Press CTRL+C to stop ...
2020-12-16T07:37:58.267Z - info: Website generation (lazy) started at 3:37:55 PM
2020-12-16T07:38:06.109Z - info: Building assets...
2020-12-16T07:38:11.741Z - info: Assets built
2020-12-16T07:38:11.742Z - info: Generating landing page...
2020-12-16T07:38:12.806Z - info: Landing page built, other pages will be built as you navigate to them!
2020-12-16T07:38:13.240Z - info: Site data built
2020-12-16T07:38:13.241Z - info: Website generation (lazy) complete! Total build time: 17.758s
2020-12-16T07:38:14.178Z - info: Serving "C:\repos\nus-cs2103-AY2021S1\cs2103-website\_site" at http://127.0.0.1:8080
2020-12-16T07:38:14.178Z - info: Press CTRL+C to stop ...
2020-12-16T07:43:06.315Z - info: Website generation (lazy) started at 3:43:03 PM
2020-12-16T07:43:14.230Z - info: Building assets...
2020-12-16T07:43:19.858Z - info: Assets built
2020-12-16T07:43:19.859Z - info: Generating landing page...
2020-12-16T07:43:20.546Z - info: Landing page built, other pages will be built as you navigate to them!
2020-12-16T07:43:20.971Z - info: Site data built
2020-12-16T07:43:20.972Z - info: Website generation (lazy) complete! Total build time: 17.332s
2020-12-16T07:43:21.754Z - info: Serving "C:\repos\nus-cs2103-AY2021S1\cs2103-website\_site" at http://127.0.0.1:8080
2020-12-16T07:43:21.754Z - info: Press CTRL+C to stop ...
2020-12-16T07:43:46.059Z - info: [3:43:46 PM] Reload for file change: C:\repos\nus-cs2103-AY2021S1\cs2103-website\_markbind\headers\header.md
2020-12-16T07:43:47.074Z - info: Rebuilding 1 pages
2020-12-16T07:43:47.404Z - info: Site data built
2020-12-16T07:43:47.405Z - info: Pages rebuilt
2020-12-16T07:43:47.405Z - info: Website regeneration complete! Total build time: 0.337s
2020-12-16T07:45:15.152Z - info: [3:45:15 PM] Reload for file change: C:\repos\nus-cs2103-AY2021S1\cs2103-website\_markbind\headers\header.md
2020-12-16T07:45:16.157Z - info: Rebuilding 1 pages
2020-12-16T07:45:16.762Z - info: Site data built
2020-12-16T07:45:16.763Z - info: Pages rebuilt
2020-12-16T07:45:16.763Z - info: Website regeneration complete! Total build time: 0.607s
2020-12-16T07:45:22.882Z - info: Building C:\repos\nus-cs2103-AY2021S1\cs2103-website\admin\ip-showcase as some of its dependencies were changed since the last visit
2020-12-16T07:45:23.061Z - info: Site data built
2020-12-16T07:45:23.061Z - info: Lazy website regeneration complete! Total build time: 0.18s
2020-12-16T08:08:43.172Z - info: Website generation (lazy) started at 4:08:39 PM
2020-12-16T08:08:52.863Z - info: Building assets...
2020-12-16T08:08:58.572Z - info: Assets built
2020-12-16T08:08:58.573Z - info: Generating landing page...
2020-12-16T08:08:59.666Z - warn: You might have an invalid intra-link! Ignore this warning if it was intended.
'/2021/admin/ip-overview.html' found in file 'C:\repos\nus-cs2103-AY2021S1\cs2103-website\_markbind\headers\header.md'
2020-12-16T08:08:59.669Z - warn: You might have an invalid intra-link! Ignore this warning if it was intended.
'/2021/admin/tp-expectations.html' found in file 'C:\repos\nus-cs2103-AY2021S1\cs2103-website\_markbind\headers\header.md'
2020-12-16T08:08:59.671Z - warn: You might have an invalid intra-link! Ignore this warning if it was intended.
'/2021/admin/teamList.html' found in file 'C:\repos\nus-cs2103-AY2021S1\cs2103-website\_markbind\headers\header.md'
2020-12-16T08:08:59.673Z - warn: You might have an invalid intra-link! Ignore this warning if it was intended.
'/2021/admin/tutorials.html' found in file 'C:\repos\nus-cs2103-AY2021S1\cs2103-website\_markbind\headers\header.md'
2020-12-16T08:09:00.688Z - info: Landing page built, other pages will be built as you navigate to them!
2020-12-16T08:09:01.149Z - info: Site data built
2020-12-16T08:09:01.149Z - info: Website generation (lazy) complete! Total build time: 21.949s
2020-12-16T08:09:01.992Z - info: Serving "C:\repos\nus-cs2103-AY2021S1\cs2103-website\_site" at http://127.0.0.1:8080
2020-12-16T08:09:01.992Z - info: Press CTRL+C to stop ...
2020-12-16T08:09:45.366Z - info: Building C:\repos\nus-cs2103-AY2021S1\cs2103-website\admin\index as some of its dependencies were changed since the last visit
2020-12-16T08:09:46.172Z - warn: You might have an invalid intra-link! Ignore this warning if it was intended.
'/2021/admin/ip-overview.html' found in file 'C:\repos\nus-cs2103-AY2021S1\cs2103-website\_markbind\headers\header.md'
2020-12-16T08:09:46.174Z - warn: You might have an invalid intra-link! Ignore this warning if it was intended.
'/2021/admin/tp-expectations.html' found in file 'C:\repos\nus-cs2103-AY2021S1\cs2103-website\_markbind\headers\header.md'
2020-12-16T08:09:46.175Z - warn: You might have an invalid intra-link! Ignore this warning if it was intended.
'/2021/admin/teamList.html' found in file 'C:\repos\nus-cs2103-AY2021S1\cs2103-website\_markbind\headers\header.md'
2020-12-16T08:09:46.178Z - warn: You might have an invalid intra-link! Ignore this warning if it was intended.
'/2021/admin/tutorials.html' found in file 'C:\repos\nus-cs2103-AY2021S1\cs2103-website\_markbind\headers\header.md'
2020-12-16T08:09:46.825Z - info: Site data built
2020-12-16T08:09:46.826Z - info: Lazy website regeneration complete! Total build time: 1.461s
2020-12-16T08:10:57.560Z - info: [4:10:57 PM] Reload for file change: C:\repos\nus-cs2103-AY2021S1\cs2103-website\_markbind\headers\header.md
2020-12-16T08:10:58.567Z - info: Rebuilding 1 pages
2020-12-16T08:10:59.560Z - warn: You might have an invalid intra-link! Ignore this warning if it was intended.
'/2021/admin/ip-overview.html' found in file 'C:\repos\nus-cs2103-AY2021S1\cs2103-website\_markbind\headers\header.md'
2020-12-16T08:10:59.563Z - warn: You might have an invalid intra-link! Ignore this warning if it was intended.
'/2021/admin/tp-expectations.html' found in file 'C:\repos\nus-cs2103-AY2021S1\cs2103-website\_markbind\headers\header.md'
2020-12-16T08:10:59.564Z - warn: You might have an invalid intra-link! Ignore this warning if it was intended.
'/2021/admin/teamList.html' found in file 'C:\repos\nus-cs2103-AY2021S1\cs2103-website\_markbind\headers\header.md'
2020-12-16T08:10:59.566Z - warn: You might have an invalid intra-link! Ignore this warning if it was intended.
'/2021/admin/tutorials.html' found in file 'C:\repos\nus-cs2103-AY2021S1\cs2103-website\_markbind\headers\header.md'
2020-12-16T08:11:00.311Z - info: Site data built
2020-12-16T08:11:00.312Z - info: Pages rebuilt
2020-12-16T08:11:00.312Z - info: Website regeneration complete! Total build time: 1.746s
2020-12-16T08:11:52.436Z - info: [4:11:52 PM] Reload for file change: C:\repos\nus-cs2103-AY2021S1\cs2103-website\_markbind\headers\header.md
2020-12-16T08:11:53.446Z - info: Rebuilding 1 pages
2020-12-16T08:11:54.592Z - warn: You might have an invalid intra-link! Ignore this warning if it was intended.
'/2021/admin/ip-overview.html' found in file 'C:\repos\nus-cs2103-AY2021S1\cs2103-website\_markbind\headers\header.md'
2020-12-16T08:11:54.594Z - warn: You might have an invalid intra-link! Ignore this warning if it was intended.
'/2021/admin/tp-expectations.html' found in file 'C:\repos\nus-cs2103-AY2021S1\cs2103-website\_markbind\headers\header.md'
2020-12-16T08:11:54.595Z - warn: You might have an invalid intra-link! Ignore this warning if it was intended.
'/2021/admin/teamList.html' found in file 'C:\repos\nus-cs2103-AY2021S1\cs2103-website\_markbind\headers\header.md'
2020-12-16T08:11:54.598Z - warn: You might have an invalid intra-link! Ignore this warning if it was intended.
'/2021/admin/tutorials.html' found in file 'C:\repos\nus-cs2103-AY2021S1\cs2103-website\_markbind\headers\header.md'
2020-12-16T08:11:55.269Z - info: Site data built
2020-12-16T08:11:55.270Z - info: Pages rebuilt
2020-12-16T08:11:55.271Z - info: Website regeneration complete! Total build time: 1.828s
2020-12-16T08:12:54.160Z - info: [4:12:54 PM] Reload for file change: C:\repos\nus-cs2103-AY2021S1\cs2103-website\_markbind\headers\header.md
2020-12-16T08:12:55.168Z - info: Rebuilding 1 pages
2020-12-16T08:12:56.117Z - warn: You might have an invalid intra-link! Ignore this warning if it was intended.
'/2021/admin/ip-overview.html' found in file 'C:\repos\nus-cs2103-AY2021S1\cs2103-website\_markbind\headers\header.md'
2020-12-16T08:12:56.119Z - warn: You might have an invalid intra-link! Ignore this warning if it was intended.
'/2021/admin/tp-expectations.html' found in file 'C:\repos\nus-cs2103-AY2021S1\cs2103-website\_markbind\headers\header.md'
2020-12-16T08:12:56.121Z - warn: You might have an invalid intra-link! Ignore this warning if it was intended.
'/2021/admin/teamList.html' found in file 'C:\repos\nus-cs2103-AY2021S1\cs2103-website\_markbind\headers\header.md'
2020-12-16T08:12:56.123Z - warn: You might have an invalid intra-link! Ignore this warning if it was intended.
'/2021/admin/tutorials.html' found in file 'C:\repos\nus-cs2103-AY2021S1\cs2103-website\_markbind\headers\header.md'
2020-12-16T08:12:56.860Z - info: Site data built
2020-12-16T08:12:56.861Z - info: Pages rebuilt
2020-12-16T08:12:56.861Z - info: Website regeneration complete! Total build time: 1.697s
2020-12-16T08:16:17.925Z - info: [4:16:17 PM] Reload for file change: C:\repos\nus-cs2103-AY2021S1\cs2103-website\_markbind\headers\header.md
2020-12-16T08:16:18.939Z - info: Rebuilding 1 pages
2020-12-16T08:16:19.854Z - warn: You might have an invalid intra-link! Ignore this warning if it was intended.
'/2021/admin/ip-overview.html' found in file 'C:\repos\nus-cs2103-AY2021S1\cs2103-website\_markbind\headers\header.md'
2020-12-16T08:16:19.856Z - warn: You might have an invalid intra-link! Ignore this warning if it was intended.
'/2021/admin/tp-expectations.html' found in file 'C:\repos\nus-cs2103-AY2021S1\cs2103-website\_markbind\headers\header.md'
2020-12-16T08:16:19.858Z - warn: You might have an invalid intra-link! Ignore this warning if it was intended.
'/2021/admin/teamList.html' found in file 'C:\repos\nus-cs2103-AY2021S1\cs2103-website\_markbind\headers\header.md'
2020-12-16T08:16:19.860Z - warn: You might have an invalid intra-link! Ignore this warning if it was intended.
'/2021/admin/tutorials.html' found in file 'C:\repos\nus-cs2103-AY2021S1\cs2103-website\_markbind\headers\header.md'
2020-12-16T08:16:20.540Z - info: Site data built
2020-12-16T08:16:20.541Z - info: Pages rebuilt
2020-12-16T08:16:20.542Z - info: Website regeneration complete! Total build time: 1.603s
2020-12-16T08:17:14.023Z - info: [4:17:14 PM] Reload for file change: C:\repos\nus-cs2103-AY2021S1\cs2103-website\_markbind\headers\header.md
2020-12-16T08:17:15.031Z - info: Rebuilding 1 pages
2020-12-16T08:17:15.964Z - warn: You might have an invalid intra-link! Ignore this warning if it was intended.
'/2021/admin/ip-overview.html' found in file 'C:\repos\nus-cs2103-AY2021S1\cs2103-website\_markbind\headers\header.md'
2020-12-16T08:17:15.967Z - warn: You might have an invalid intra-link! Ignore this warning if it was intended.
'/2021/admin/tp-expectations.html' found in file 'C:\repos\nus-cs2103-AY2021S1\cs2103-website\_markbind\headers\header.md'
2020-12-16T08:17:15.969Z - warn: You might have an invalid intra-link! Ignore this warning if it was intended.
'/2021/admin/teamList.html' found in file 'C:\repos\nus-cs2103-AY2021S1\cs2103-website\_markbind\headers\header.md'
2020-12-16T08:17:15.972Z - warn: You might have an invalid intra-link! Ignore this warning if it was intended.
'/2021/admin/tutorials.html' found in file 'C:\repos\nus-cs2103-AY2021S1\cs2103-website\_markbind\headers\header.md'
2020-12-16T08:17:16.598Z - info: Site data built
2020-12-16T08:17:16.599Z - info: Pages rebuilt
2020-12-16T08:17:16.600Z - info: Website regeneration complete! Total build time: 1.573s
2020-12-16T08:17:36.869Z - info: [4:17:36 PM] Reload for file change: C:\repos\nus-cs2103-AY2021S1\cs2103-website\_markbind\headers\header.md
2020-12-16T08:17:37.873Z - info: Rebuilding 1 pages
2020-12-16T08:17:38.521Z - warn: You might have an invalid intra-link! Ignore this warning if it was intended.
'/2021/admin/ip-overview.html' found in file 'C:\repos\nus-cs2103-AY2021S1\cs2103-website\_markbind\headers\header.md'
2020-12-16T08:17:38.522Z - warn: You might have an invalid intra-link! Ignore this warning if it was intended.
'/2021/admin/tp-expectations.html' found in file 'C:\repos\nus-cs2103-AY2021S1\cs2103-website\_markbind\headers\header.md'
2020-12-16T08:17:38.524Z - warn: You might have an invalid intra-link! Ignore this warning if it was intended.
'/2021/admin/teamList.html' found in file 'C:\repos\nus-cs2103-AY2021S1\cs2103-website\_markbind\headers\header.md'
2020-12-16T08:17:38.525Z - warn: You might have an invalid intra-link! Ignore this warning if it was intended.
'/2021/admin/tutorials.html' found in file 'C:\repos\nus-cs2103-AY2021S1\cs2103-website\_markbind\headers\header.md'
2020-12-16T08:17:39.010Z - info: Site data built
2020-12-16T08:17:39.016Z - info: Pages rebuilt
2020-12-16T08:17:39.016Z - info: Website regeneration complete! Total build time: 1.146s
2020-12-16T08:22:39.216Z - info: Website generation (lazy) started at 4:22:36 PM
2020-12-16T08:22:47.291Z - info: Building assets...
2020-12-16T08:22:52.802Z - info: Assets built
2020-12-16T08:22:52.803Z - info: Generating landing page...
2020-12-16T08:22:53.758Z - warn: You might have an invalid intra-link! Ignore this warning if it was intended.
'/website/schedule/week14' found in file 'C:\repos\nus-cs2103-AY2021S1\cs2103-website\schedule\week13\index.md'
2020-12-16T08:22:53.884Z - info: Landing page built, other pages will be built as you navigate to them!
2020-12-16T08:22:54.322Z - info: Site data built
2020-12-16T08:22:54.322Z - info: Website generation (lazy) complete! Total build time: 17.745s
2020-12-16T08:22:55.121Z - info: Serving "C:\repos\nus-cs2103-AY2021S1\cs2103-website\_site" at http://127.0.0.1:8080
2020-12-16T08:22:55.121Z - info: Press CTRL+C to stop ...
2020-12-16T08:23:24.940Z - info: [4:23:24 PM] Reload for file change: C:\repos\nus-cs2103-AY2021S1\cs2103-website\_markbind\headers\header.md
2020-12-16T08:23:25.949Z - info: Rebuilding 1 pages
2020-12-16T08:23:26.539Z - warn: You might have an invalid intra-link! Ignore this warning if it was intended.
'/website/schedule/week14' found in file 'C:\repos\nus-cs2103-AY2021S1\cs2103-website\schedule\week13\index.md'
2020-12-16T08:23:26.587Z - info: Site data built
2020-12-16T08:23:26.587Z - info: Pages rebuilt
2020-12-16T08:23:26.587Z - info: Website regeneration complete! Total build time: 0.641s
2020-12-16T08:30:01.923Z - info: Website generation (lazy) started at 4:29:58 PM
2020-12-16T08:30:11.251Z - info: Building assets...
2020-12-16T08:30:16.990Z - info: Assets built
2020-12-16T08:30:16.993Z - info: Generating landing page...
2020-12-16T08:30:17.934Z - info: Landing page built, other pages will be built as you navigate to them!
2020-12-16T08:30:18.401Z - info: Site data built
2020-12-16T08:30:18.401Z - info: Website generation (lazy) complete! Total build time: 19.453s
2020-12-16T08:30:19.284Z - info: Serving "C:\repos\nus-cs2103-AY2021S1\cs2103-website\_site" at http://127.0.0.1:8080
2020-12-16T08:30:19.284Z - info: Press CTRL+C to stop ...
2020-12-16T08:37:12.434Z - info: Website generation started at 4:37:08 PM
2020-12-16T08:37:23.408Z - info: Building assets...
