2021-01-15T03:34:57.351Z - info: Website generation started at 11:34:53 AM
2021-01-15T03:35:10.107Z - info: Building assets...
2021-01-15T03:35:17.138Z - info: Assets built
2021-01-15T03:35:17.139Z - info: Generating pages...
2021-01-15T03:35:31.876Z - debug:  
2021-01-15T03:35:31.876Z - debug:  
2021-01-15T03:35:31.876Z - debug:  
2021-01-15T03:35:31.877Z - debug:  
2021-01-15T03:35:31.877Z - debug:  
2021-01-15T03:35:31.877Z - debug:  
2021-01-15T03:36:15.865Z - warn: You might have an invalid intra-link! Ignore this warning if it was intended.
'/website/book/about/usage.html' found in file 'C:\repos\nus-cs2103-AY2021S1\cs2103-website\book\index.md'
2021-01-15T03:36:15.868Z - warn: You might have an invalid intra-link! Ignore this warning if it was intended.
'/website/book/softwareEngineering/print.html' found in file 'C:\repos\nus-cs2103-AY2021S1\cs2103-website\book\index.md'
2021-01-15T03:36:15.869Z - warn: You might have an invalid intra-link! Ignore this warning if it was intended.
'/website/book/oop/print.html' found in file 'C:\repos\nus-cs2103-AY2021S1\cs2103-website\book\index.md'
2021-01-15T03:36:15.869Z - warn: You might have an invalid intra-link! Ignore this warning if it was intended.
'/website/book/requirements/print.html' found in file 'C:\repos\nus-cs2103-AY2021S1\cs2103-website\book\index.md'
2021-01-15T03:36:15.870Z - warn: You might have an invalid intra-link! Ignore this warning if it was intended.
'/website/book/gatheringRequirements/print.html' found in file 'C:\repos\nus-cs2103-AY2021S1\cs2103-website\book\index.md'
2021-01-15T03:36:15.871Z - warn: You might have an invalid intra-link! Ignore this warning if it was intended.
'/website/book/specifyingRequirements/print.html' found in file 'C:\repos\nus-cs2103-AY2021S1\cs2103-website\book\index.md'
2021-01-15T03:36:15.872Z - warn: You might have an invalid intra-link! Ignore this warning if it was intended.
'/website/book/design/print.html' found in file 'C:\repos\nus-cs2103-AY2021S1\cs2103-website\book\index.md'
2021-01-15T03:36:15.872Z - warn: You might have an invalid intra-link! Ignore this warning if it was intended.
'/website/book/designFundamentals/print.html' found in file 'C:\repos\nus-cs2103-AY2021S1\cs2103-website\book\index.md'
2021-01-15T03:36:15.873Z - warn: You might have an invalid intra-link! Ignore this warning if it was intended.
'/website/book/modeling/print.html' found in file 'C:\repos\nus-cs2103-AY2021S1\cs2103-website\book\index.md'
2021-01-15T03:36:15.873Z - warn: You might have an invalid intra-link! Ignore this warning if it was intended.
'/website/book/architecture/print.html' found in file 'C:\repos\nus-cs2103-AY2021S1\cs2103-website\book\index.md'
2021-01-15T03:36:15.874Z - warn: You might have an invalid intra-link! Ignore this warning if it was intended.
'/website/book/designPatterns/print.html' found in file 'C:\repos\nus-cs2103-AY2021S1\cs2103-website\book\index.md'
2021-01-15T03:36:15.874Z - warn: You might have an invalid intra-link! Ignore this warning if it was intended.
'/website/book/designApproaches/print.html' found in file 'C:\repos\nus-cs2103-AY2021S1\cs2103-website\book\index.md'
2021-01-15T03:36:15.875Z - warn: You might have an invalid intra-link! Ignore this warning if it was intended.
'/website/book/ides/print.html' found in file 'C:\repos\nus-cs2103-AY2021S1\cs2103-website\book\index.md'
2021-01-15T03:36:15.876Z - warn: You might have an invalid intra-link! Ignore this warning if it was intended.
'/website/book/codeQuality/print.html' found in file 'C:\repos\nus-cs2103-AY2021S1\cs2103-website\book\index.md'
2021-01-15T03:36:15.876Z - warn: You might have an invalid intra-link! Ignore this warning if it was intended.
'/website/book/refactoring/print.html' found in file 'C:\repos\nus-cs2103-AY2021S1\cs2103-website\book\index.md'
2021-01-15T03:36:15.877Z - warn: You might have an invalid intra-link! Ignore this warning if it was intended.
'/website/book/documentation/print.html' found in file 'C:\repos\nus-cs2103-AY2021S1\cs2103-website\book\index.md'
2021-01-15T03:36:15.877Z - warn: You might have an invalid intra-link! Ignore this warning if it was intended.
'/website/book/errorHandling/print.html' found in file 'C:\repos\nus-cs2103-AY2021S1\cs2103-website\book\index.md'
2021-01-15T03:36:15.878Z - warn: You might have an invalid intra-link! Ignore this warning if it was intended.
'/website/book/integration/print.html' found in file 'C:\repos\nus-cs2103-AY2021S1\cs2103-website\book\index.md'
2021-01-15T03:36:15.879Z - warn: You might have an invalid intra-link! Ignore this warning if it was intended.
'/website/book/reuse/print.html' found in file 'C:\repos\nus-cs2103-AY2021S1\cs2103-website\book\index.md'
2021-01-15T03:36:15.879Z - warn: You might have an invalid intra-link! Ignore this warning if it was intended.
'/website/book/qualityAssurance/print.html' found in file 'C:\repos\nus-cs2103-AY2021S1\cs2103-website\book\index.md'
2021-01-15T03:36:15.880Z - warn: You might have an invalid intra-link! Ignore this warning if it was intended.
'/website/book/testing/print.html' found in file 'C:\repos\nus-cs2103-AY2021S1\cs2103-website\book\index.md'
2021-01-15T03:36:15.882Z - warn: You might have an invalid intra-link! Ignore this warning if it was intended.
'/website/book/testCaseDesign/print.html' found in file 'C:\repos\nus-cs2103-AY2021S1\cs2103-website\book\index.md'
2021-01-15T03:36:15.885Z - warn: You might have an invalid intra-link! Ignore this warning if it was intended.
'/website/book/revisionControl/print.html' found in file 'C:\repos\nus-cs2103-AY2021S1\cs2103-website\book\index.md'
2021-01-15T03:36:15.887Z - warn: You might have an invalid intra-link! Ignore this warning if it was intended.
'/website/book/projectPlanning/print.html' found in file 'C:\repos\nus-cs2103-AY2021S1\cs2103-website\book\index.md'
2021-01-15T03:36:15.889Z - warn: You might have an invalid intra-link! Ignore this warning if it was intended.
'/website/book/teamwork/print.html' found in file 'C:\repos\nus-cs2103-AY2021S1\cs2103-website\book\index.md'
2021-01-15T03:36:15.890Z - warn: You might have an invalid intra-link! Ignore this warning if it was intended.
'/website/book/processModels/print.html' found in file 'C:\repos\nus-cs2103-AY2021S1\cs2103-website\book\index.md'
2021-01-15T03:36:15.893Z - warn: You might have an invalid intra-link! Ignore this warning if it was intended.
'/website/book/uml/print.html' found in file 'C:\repos\nus-cs2103-AY2021S1\cs2103-website\book\index.md'
2021-01-15T03:36:15.894Z - warn: You might have an invalid intra-link! Ignore this warning if it was intended.
'/website/book/intellij/print.html' found in file 'C:\repos\nus-cs2103-AY2021S1\cs2103-website\book\index.md'
2021-01-15T03:36:15.896Z - warn: You might have an invalid intra-link! Ignore this warning if it was intended.
'/website/book/gitAndGithub/print.html' found in file 'C:\repos\nus-cs2103-AY2021S1\cs2103-website\book\index.md'
2021-01-15T03:36:15.899Z - warn: You might have an invalid intra-link! Ignore this warning if it was intended.
'/website/book/principles/print.html' found in file 'C:\repos\nus-cs2103-AY2021S1\cs2103-website\book\index.md'
2021-01-15T03:36:15.901Z - warn: You might have an invalid intra-link! Ignore this warning if it was intended.
'/website/book/cppToJava/print.html' found in file 'C:\repos\nus-cs2103-AY2021S1\cs2103-website\book\index.md'
2021-01-15T03:36:15.903Z - warn: You might have an invalid intra-link! Ignore this warning if it was intended.
'/website/book/common/definitions.html' found in file 'C:\repos\nus-cs2103-AY2021S1\cs2103-website\book\index.md'
2021-01-15T03:36:15.904Z - warn: You might have an invalid intra-link! Ignore this warning if it was intended.
'/website/book/common/references.html' found in file 'C:\repos\nus-cs2103-AY2021S1\cs2103-website\book\index.md'
2021-01-15T03:36:15.905Z - warn: You might have an invalid intra-link! Ignore this warning if it was intended.
'/website/book/common/outcomes.html' found in file 'C:\repos\nus-cs2103-AY2021S1\cs2103-website\book\index.md'
2021-01-15T03:36:15.906Z - warn: You might have an invalid intra-link! Ignore this warning if it was intended.
'/website/book/common/print.html' found in file 'C:\repos\nus-cs2103-AY2021S1\cs2103-website\book\index.md'
2021-01-15T03:38:26.898Z - debug:  
2021-01-15T03:38:40.537Z - debug:  
2021-01-15T03:38:40.537Z - debug:  
2021-01-15T03:38:49.286Z - info: Pages built
2021-01-15T03:38:50.348Z - info: Site data built
2021-01-15T03:38:50.349Z - info: Website generation complete! Total build time: 236.91s
2021-01-15T03:38:50.350Z - info: Build success!
2021-01-15T03:38:59.860Z - info: Deployed at https://nus-cs2103-ay2021s2.github.io/website!
2021-01-15T03:40:52.594Z - info: Website generation (lazy) started at 11:40:45 AM
2021-01-15T03:41:08.935Z - info: Building assets...
2021-01-15T03:41:19.849Z - info: Assets built
2021-01-15T03:41:19.850Z - info: Generating landing page...
2021-01-15T03:41:21.058Z - info: Landing page built, other pages will be built as you navigate to them!
2021-01-15T03:41:21.523Z - info: Site data built
2021-01-15T03:41:21.523Z - info: Website generation (lazy) complete! Total build time: 35.823s
2021-01-15T03:41:22.467Z - info: Serving "C:\repos\nus-cs2103-AY2021S1\cs2103-website\_site" at http://127.0.0.1:8080
2021-01-15T03:41:22.467Z - info: Press CTRL+C to stop ...
2021-01-15T03:42:01.284Z - info: Building C:\repos\nus-cs2103-AY2021S1\cs2103-website\schedule\week2\index as some of its dependencies were changed since the last visit
2021-01-15T03:42:02.150Z - info: Site data built
2021-01-15T03:42:02.151Z - info: Lazy website regeneration complete! Total build time: 0.867s
2021-01-15T03:42:05.849Z - info: Building C:\repos\nus-cs2103-AY2021S1\cs2103-website\schedule\week2\topics as some of its dependencies were changed since the last visit
2021-01-15T03:42:09.026Z - info: Site data built
2021-01-15T03:42:09.027Z - info: Lazy website regeneration complete! Total build time: 3.178s
2021-01-15T03:45:14.651Z - info: [11:45:14 AM] Reload for file change: C:\repos\nus-cs2103-AY2021S1\cs2103-website\common\topics.njk
2021-01-15T03:45:15.657Z - info: Rebuilding 1 pages
2021-01-15T03:45:19.615Z - info: Site data built
2021-01-15T03:45:19.618Z - info: Pages rebuilt
2021-01-15T03:45:19.619Z - info: Website regeneration complete! Total build time: 3.962s
2021-01-15T03:45:43.614Z - info: Website generation started at 11:45:40 AM
2021-01-15T03:46:00.501Z - info: Building assets...
