2021-04-06T02:02:03.743Z - info: Website generation (lazy) started at 10:01:52 AM
2021-04-06T02:02:18.634Z - info: Building assets...
2021-04-06T02:02:27.232Z - info: Assets built
2021-04-06T02:02:27.233Z - info: Generating landing page...
2021-04-06T02:02:28.214Z - info: Landing page built, other pages will be built as you navigate to them!
2021-04-06T02:02:29.196Z - info: Site data built
2021-04-06T02:02:29.196Z - info: Website generation (lazy) complete! Total build time: 36.566s
2021-04-06T02:02:30.356Z - info: Serving "C:\repos\nus-cs2103-AY2021S1\cs2103-website\_site" at http://127.0.0.1:8080
2021-04-06T02:02:30.356Z - info: Press CTRL+C to stop ...
2021-04-06T02:02:48.017Z - info: [10:02:48 AM] Reload for file change: C:\repos\nus-cs2103-AY2021S1\cs2103-website\admin\tp-tasks.mbdf
2021-04-06T02:02:49.021Z - info: Rebuilding 1 pages
2021-04-06T02:02:49.705Z - info: Site data built
2021-04-06T02:02:49.705Z - info: Pages rebuilt
2021-04-06T02:02:49.706Z - info: Website regeneration complete! Total build time: 0.685s
2021-04-06T02:06:43.204Z - info: [10:06:43 AM] Reload for file change: C:\repos\nus-cs2103-AY2021S1\cs2103-website\admin\tp-tasks.mbdf
2021-04-06T02:06:44.209Z - info: Rebuilding 1 pages
2021-04-06T02:06:45.256Z - info: Site data built
2021-04-06T02:06:45.256Z - info: Pages rebuilt
2021-04-06T02:06:45.256Z - info: Website regeneration complete! Total build time: 1.048s
2021-04-06T02:06:47.621Z - info: Building C:\repos\nus-cs2103-AY2021S1\cs2103-website\schedule\week12\project as some of its dependencies were changed since the last visit
2021-04-06T02:06:50.352Z - info: Site data built
2021-04-06T02:06:50.352Z - info: Lazy website regeneration complete! Total build time: 2.732s
2021-04-06T02:07:22.153Z - info: [10:07:22 AM] Reload for file change: C:\repos\nus-cs2103-AY2021S1\cs2103-website\admin\tp-tasks.mbdf
2021-04-06T02:07:23.176Z - info: Rebuilding 1 pages
2021-04-06T02:07:26.882Z - info: Site data built
2021-04-06T02:07:26.884Z - info: Pages rebuilt
2021-04-06T02:07:26.885Z - info: Website regeneration complete! Total build time: 3.714s
2021-04-06T02:07:39.836Z - info: [10:07:39 AM] Reload for file change: C:\repos\nus-cs2103-AY2021S1\cs2103-website\admin\tp-tasks.mbdf
2021-04-06T02:07:40.843Z - info: Rebuilding 1 pages
2021-04-06T02:07:43.405Z - info: Site data built
2021-04-06T02:07:43.407Z - info: Pages rebuilt
2021-04-06T02:07:43.407Z - info: Website regeneration complete! Total build time: 2.566s
2021-04-06T02:09:18.283Z - info: [10:09:18 AM] Reload for file change: C:\repos\nus-cs2103-AY2021S1\cs2103-website\admin\tp-tasks.mbdf
2021-04-06T02:09:19.285Z - info: Rebuilding 1 pages
2021-04-06T02:09:22.589Z - info: Site data built
2021-04-06T02:09:22.590Z - info: Pages rebuilt
2021-04-06T02:09:22.590Z - info: Website regeneration complete! Total build time: 3.306s
2021-04-06T02:11:30.434Z - info: [10:11:30 AM] Reload for file change: C:\repos\nus-cs2103-AY2021S1\cs2103-website\admin\tp-tasks.mbdf
2021-04-06T02:11:31.452Z - info: Rebuilding 1 pages
2021-04-06T02:11:34.624Z - info: Site data built
2021-04-06T02:11:34.625Z - info: Pages rebuilt
2021-04-06T02:11:34.625Z - info: Website regeneration complete! Total build time: 3.177s
2021-04-06T02:12:04.082Z - info: Website generation started at 10:12:00 AM
2021-04-06T02:12:12.950Z - info: Building assets...
