2021-01-05T16:05:30.819Z - info: [12:05:30 AM] Reload for file change: C:\repos\nus-cs2103-AY2021S1\cs2103-website\_module-CS2103\timetables.mbdf
2021-01-05T16:05:31.858Z - info: Assets built
2021-01-05T16:05:45.672Z - info: [12:05:45 AM] Reload for file change: C:\repos\nus-cs2103-AY2021S1\cs2103-website\_module-CS2103\timetables.mbdf
2021-01-05T16:05:46.698Z - info: Assets built
2021-01-05T16:34:53.285Z - info: [12:34:53 AM] Reload for file change: C:\repos\nus-cs2103-AY2021S1\cs2103-website\admin\lectures.md
2021-01-05T16:34:54.313Z - info: No pages needed to be rebuilt
2021-01-05T16:34:57.102Z - info: Building C:\repos\nus-cs2103-AY2021S1\cs2103-website\admin\lectures as some of its dependencies were changed since the last visit
2021-01-05T16:34:57.908Z - info: Site data built
2021-01-05T16:34:57.908Z - info: Lazy website regeneration complete! Total build time: 0.807s
2021-01-05T16:35:30.300Z - info: [12:35:30 AM] Reload for file change: C:\repos\nus-cs2103-AY2021S1\cs2103-website\_module-CS2103\timetables.mbdf
2021-01-05T16:35:31.302Z - info: Rebuilding 1 pages
2021-01-05T16:35:31.719Z - info: Site data built
2021-01-05T16:35:31.721Z - info: Pages rebuilt
2021-01-05T16:35:31.721Z - info: Website regeneration complete! Total build time: 0.42s
2021-01-05T16:35:35.292Z - info: [12:35:35 AM] Reload for file change: C:\repos\nus-cs2103-AY2021S1\cs2103-website\_module-CS2103\timetables.mbdf
2021-01-05T16:35:36.294Z - info: Rebuilding 1 pages
2021-01-05T16:35:36.785Z - info: Site data built
2021-01-05T16:35:36.786Z - info: Pages rebuilt
2021-01-05T16:35:36.786Z - info: Website regeneration complete! Total build time: 0.493s
2021-01-05T16:36:09.467Z - info: [12:36:09 AM] Reload for file change: C:\repos\nus-cs2103-AY2021S1\cs2103-website\admin\tutorials.md
2021-01-05T16:36:10.469Z - info: No pages needed to be rebuilt
2021-01-05T16:41:15.625Z - info: [12:41:15 AM] Reload for file change: C:\repos\nus-cs2103-AY2021S1\cs2103-website\_markbind\variables.md
2021-01-05T16:41:16.638Z - info: Assets built
2021-01-06T05:30:48.240Z - info: Website generation (lazy) started at 1:30:43 PM
2021-01-06T05:31:03.399Z - info: Building assets...
2021-01-06T05:31:10.719Z - info: Assets built
2021-01-06T05:31:10.719Z - info: Generating landing page...
2021-01-06T05:31:11.588Z - info: Landing page built, other pages will be built as you navigate to them!
2021-01-06T05:31:12.188Z - info: Site data built
2021-01-06T05:31:12.188Z - info: Website generation (lazy) complete! Total build time: 29.102s
2021-01-06T05:31:16.270Z - info: Serving "C:\repos\nus-cs2103-AY2021S1\cs2103-website\_site" at http://127.0.0.1:8080
2021-01-06T05:31:16.271Z - info: Press CTRL+C to stop ...
2021-01-06T05:39:54.131Z - info: [1:39:54 PM] Reload for file change: C:\repos\nus-cs2103-AY2021S1\cs2103-website\common\topics.njk
2021-01-06T05:39:55.224Z - info: Assets built
2021-01-06T05:40:20.209Z - info: [1:40:20 PM] Reload for file change: C:\repos\nus-cs2103-AY2021S1\cs2103-website\_markbind\variables.md
2021-01-06T05:40:21.213Z - info: Assets built
2021-01-06T05:40:38.759Z - info: Website generation (lazy) started at 1:40:35 PM
2021-01-06T05:40:51.427Z - info: Building assets...
2021-01-06T05:40:57.490Z - info: Assets built
2021-01-06T05:40:57.492Z - info: Generating landing page...
2021-01-06T05:40:58.963Z - info: Landing page built, other pages will be built as you navigate to them!
2021-01-06T05:40:59.447Z - info: Site data built
2021-01-06T05:40:59.448Z - info: Website generation (lazy) complete! Total build time: 23.98s
2021-01-06T05:41:00.399Z - info: Serving "C:\repos\nus-cs2103-AY2021S1\cs2103-website\_site" at http://127.0.0.1:8080
2021-01-06T05:41:00.400Z - info: Press CTRL+C to stop ...
2021-01-06T05:42:39.128Z - info: Building C:\repos\nus-cs2103-AY2021S1\cs2103-website\schedule\week3\topics as some of its dependencies were changed since the last visit
2021-01-06T05:42:41.640Z - info: Site data built
2021-01-06T05:42:41.641Z - info: Lazy website regeneration complete! Total build time: 2.515s
2021-01-06T05:43:12.610Z - info: [1:43:12 PM] Reload for file change: C:\repos\nus-cs2103-AY2021S1\cs2103-website\common\topics.njk
2021-01-06T05:43:13.622Z - info: Rebuilding 1 pages
2021-01-06T05:43:16.644Z - info: Site data built
2021-01-06T05:43:16.645Z - info: Pages rebuilt
2021-01-06T05:43:16.645Z - info: Website regeneration complete! Total build time: 3.028s
2021-01-06T05:43:39.899Z - info: [1:43:39 PM] Reload for file change: C:\repos\nus-cs2103-AY2021S1\cs2103-website\common\topics.njk
2021-01-06T05:43:40.905Z - info: Rebuilding 1 pages
2021-01-06T05:43:43.510Z - info: Site data built
2021-01-06T05:43:43.513Z - info: Pages rebuilt
2021-01-06T05:43:43.513Z - info: Website regeneration complete! Total build time: 2.609s
2021-01-06T05:45:10.940Z - info: [1:45:10 PM] Reload for file change: C:\repos\nus-cs2103-AY2021S1\cs2103-website\common\topics.njk
2021-01-06T05:45:11.948Z - info: Rebuilding 1 pages
2021-01-06T05:45:14.435Z - info: Site data built
2021-01-06T05:45:14.437Z - info: Pages rebuilt
2021-01-06T05:45:14.437Z - info: Website regeneration complete! Total build time: 2.491s
2021-01-06T05:45:22.088Z - info: [1:45:22 PM] Reload for file change: C:\repos\nus-cs2103-AY2021S1\cs2103-website\common\topics.njk
2021-01-06T05:45:23.092Z - info: Rebuilding 1 pages
2021-01-06T05:45:26.156Z - info: Site data built
2021-01-06T05:45:26.160Z - info: Pages rebuilt
2021-01-06T05:45:26.160Z - info: Website regeneration complete! Total build time: 3.071s
2021-01-06T05:45:30.078Z - info: [1:45:30 PM] Reload for file change: C:\repos\nus-cs2103-AY2021S1\cs2103-website\common\topics.njk
2021-01-06T05:45:31.085Z - info: Rebuilding 1 pages
2021-01-06T05:45:33.166Z - info: Site data built
2021-01-06T05:45:33.167Z - info: Pages rebuilt
2021-01-06T05:45:33.167Z - info: Website regeneration complete! Total build time: 2.085s
2021-01-06T07:03:04.596Z - info: [3:03:04 PM] Reload for file change: C:\repos\nus-cs2103-AY2021S1\cs2103-website\common\topics.njk
2021-01-06T07:03:05.624Z - info: Rebuilding 1 pages
2021-01-06T07:03:08.290Z - info: Site data built
2021-01-06T07:03:08.291Z - info: Pages rebuilt
2021-01-06T07:03:08.292Z - info: Website regeneration complete! Total build time: 2.675s
2021-01-06T07:04:01.913Z - info: [3:04:01 PM] Reload for file change: C:\repos\nus-cs2103-AY2021S1\cs2103-website\common\topics.njk
2021-01-06T07:04:02.931Z - info: Rebuilding 1 pages
2021-01-06T07:04:05.384Z - info: Site data built
2021-01-06T07:04:05.385Z - info: Pages rebuilt
2021-01-06T07:04:05.385Z - info: Website regeneration complete! Total build time: 2.461s
2021-01-06T07:05:28.058Z - info: [3:05:28 PM] Reload for file change: C:\repos\nus-cs2103-AY2021S1\cs2103-website\_module-CS2103\weeklyTextbookTopics.mbdf
2021-01-06T07:05:29.076Z - info: Rebuilding 1 pages
2021-01-06T07:05:29.403Z - error:  Template render error: (unknown path)
  Template render error: (unknown path)
  Template render error: (unknown path)
  Template render error: (unknown path)
  Template render error: (unknown path)
  Template render error: (unknown path)
  Template render error: (unknown path)
  Template render error: (unknown path)
  Template render error: (unknown path) [Line 88, Column 7]
  parseAggregate: expected colon after dict key
    at Object._prettifyError (C:\Users\damithch\AppData\Roaming\npm\node_modules\markbind-cli\node_modules\nunjucks\src\lib.js:36:11)
    at C:\Users\damithch\AppData\Roaming\npm\node_modules\markbind-cli\node_modules\@markbind\core\src\patches\nunjucks\context-overrides-frame.js:383:17
    at Template.root [as rootRenderFunc] (eval at _compile (C:\Users\damithch\AppData\Roaming\npm\node_modules\markbind-cli\node_modules\nunjucks\src\environment.js:631:18), <anonymous>:35:3)
    at Template.render (C:\Users\damithch\AppData\Roaming\npm\node_modules\markbind-cli\node_modules\@markbind\core\src\patches\nunjucks\context-overrides-frame.js:372:8)
    at Environment.renderString (C:\Users\damithch\AppData\Roaming\npm\node_modules\markbind-cli\node_modules\@markbind\core\src\patches\nunjucks\context-overrides-frame.js:77:15)
    at VariableRenderer.render (C:\Users\damithch\AppData\Roaming\npm\node_modules\markbind-cli\node_modules\@markbind\core\src\variables\VariableRenderer.js:96:17)
    at VariableProcessor.renderSiteVariables (C:\Users\damithch\AppData\Roaming\npm\node_modules\markbind-cli\node_modules\@markbind\core\src\variables\VariableProcessor.js:163:53)
    at VariableProcessor.renderPage (C:\Users\damithch\AppData\Roaming\npm\node_modules\markbind-cli\node_modules\@markbind\core\src\variables\VariableProcessor.js:448:17)
    at C:\Users\damithch\AppData\Roaming\npm\node_modules\markbind-cli\node_modules\@markbind\core\src\Page\index.js:878:57
2021-01-06T07:05:29.404Z - warn:  Error: Error while generating undefined
    at C:\Users\damithch\AppData\Roaming\npm\node_modules\markbind-cli\node_modules\@markbind\core\src\Site\index.js:1043:18
2021-01-06T07:06:08.373Z - info: [3:06:08 PM] Reload for file change: C:\repos\nus-cs2103-AY2021S1\cs2103-website\_module-CS2103\weeklyTextbookTopics.mbdf
2021-01-06T07:06:09.380Z - info: No pages needed to be rebuilt
2021-01-06T07:06:52.904Z - info: [3:06:52 PM] Reload for file change: C:\repos\nus-cs2103-AY2021S1\cs2103-website\_module-CS2103\weeklyTextbookTopics.mbdf
2021-01-06T07:06:53.913Z - info: No pages needed to be rebuilt
2021-01-06T07:07:00.486Z - info: [3:07:00 PM] Reload for file change: C:\repos\nus-cs2103-AY2021S1\cs2103-website\_module-CS2103\weeklyTextbookTopics.mbdf
2021-01-06T07:07:01.490Z - info: No pages needed to be rebuilt
2021-01-06T07:07:14.425Z - info: [3:07:14 PM] Reload for file change: C:\repos\nus-cs2103-AY2021S1\cs2103-website\_module-CS2103\weeklyTextbookTopics.mbdf
2021-01-06T07:07:15.445Z - info: No pages needed to be rebuilt
2021-01-06T07:07:34.725Z - info: Website generation (lazy) started at 3:07:30 PM
2021-01-06T07:07:46.847Z - info: Building assets...
2021-01-06T07:07:52.406Z - info: Assets built
2021-01-06T07:07:52.406Z - info: Generating landing page...
2021-01-06T07:07:52.664Z - error:  Template render error: (unknown path)
  Template render error: (unknown path)
  Template render error: (unknown path)
  Template render error: (unknown path)
  Template render error: (unknown path)
  Template render error: (unknown path)
  Template render error: (unknown path)
  Template render error: (unknown path) [Line 88, Column 7]
  parseAggregate: expected colon after dict key
Error while preprocessing 'C:\repos\nus-cs2103-AY2021S1\cs2103-website\index.md'
    at Object._prettifyError (C:\Users\damithch\AppData\Roaming\npm\node_modules\markbind-cli\node_modules\nunjucks\src\lib.js:36:11)
    at C:\Users\damithch\AppData\Roaming\npm\node_modules\markbind-cli\node_modules\@markbind\core\src\patches\nunjucks\context-overrides-frame.js:383:17
    at Template.root [as rootRenderFunc] (eval at _compile (C:\Users\damithch\AppData\Roaming\npm\node_modules\markbind-cli\node_modules\nunjucks\src\environment.js:631:18), <anonymous>:619:3)
    at Template.render (C:\Users\damithch\AppData\Roaming\npm\node_modules\markbind-cli\node_modules\@markbind\core\src\patches\nunjucks\context-overrides-frame.js:372:8)
    at Environment.renderString (C:\Users\damithch\AppData\Roaming\npm\node_modules\markbind-cli\node_modules\@markbind\core\src\patches\nunjucks\context-overrides-frame.js:77:15)
    at VariableRenderer.render (C:\Users\damithch\AppData\Roaming\npm\node_modules\markbind-cli\node_modules\@markbind\core\src\variables\VariableRenderer.js:96:17)
    at VariableProcessor.renderSiteVariables (C:\Users\damithch\AppData\Roaming\npm\node_modules\markbind-cli\node_modules\@markbind\core\src\variables\VariableProcessor.js:163:53)
    at VariableProcessor.renderIncludeFile (C:\Users\damithch\AppData\Roaming\npm\node_modules\markbind-cli\node_modules\@markbind\core\src\variables\VariableProcessor.js:411:34)
    at NodePreprocessor._preProcessInclude (C:\Users\damithch\AppData\Roaming\npm\node_modules\markbind-cli\node_modules\@markbind\core\src\html\NodePreprocessor.js:261:32)
    at NodePreprocessor.preProcessNode (C:\Users\damithch\AppData\Roaming\npm\node_modules\markbind-cli\node_modules\@markbind\core\src\html\NodePreprocessor.js:350:19)
    at C:\Users\damithch\AppData\Roaming\npm\node_modules\markbind-cli\node_modules\@markbind\core\src\html\NodePreprocessor.js:377:30
    at Array.map (<anonymous>)
    at DomHandler._callback (C:\Users\damithch\AppData\Roaming\npm\node_modules\markbind-cli\node_modules\@markbind\core\src\html\NodePreprocessor.js:374:27)
    at DomHandler._handleCallback.DomHandler.onerror (C:\Users\damithch\AppData\Roaming\npm\node_modules\markbind-cli\node_modules\domhandler\index.js:52:8)
    at DomHandler.onend (C:\Users\damithch\AppData\Roaming\npm\node_modules\markbind-cli\node_modules\domhandler\index.js:46:7)
    at Parser.onend (C:\Users\damithch\AppData\Roaming\npm\node_modules\markbind-cli\node_modules\htmlparser2\lib\Parser.js:340:36)
2021-01-06T07:07:52.728Z - info: Landing page built, other pages will be built as you navigate to them!
2021-01-06T07:07:53.271Z - info: Site data built
2021-01-06T07:07:53.271Z - info: Website generation (lazy) complete! Total build time: 23.256s
2021-01-06T07:07:54.078Z - info: Serving "C:\repos\nus-cs2103-AY2021S1\cs2103-website\_site" at http://127.0.0.1:8080
2021-01-06T07:07:54.078Z - info: Press CTRL+C to stop ...
2021-01-06T07:08:16.676Z - info: [3:08:16 PM] Reload for file change: C:\repos\nus-cs2103-AY2021S1\cs2103-website\_module-CS2103\weeklyTextbookTopics.mbdf
2021-01-06T07:08:17.686Z - info: Rebuilding 1 pages
2021-01-06T07:08:26.058Z - info: Website generation (lazy) started at 3:08:23 PM
2021-01-06T07:08:34.280Z - info: Building assets...
2021-01-06T07:08:40.319Z - info: Assets built
2021-01-06T07:08:40.320Z - info: Generating landing page...
2021-01-06T07:08:42.098Z - info: Landing page built, other pages will be built as you navigate to them!
2021-01-06T07:08:42.525Z - info: Site data built
2021-01-06T07:08:42.525Z - info: Website generation (lazy) complete! Total build time: 19.18s
2021-01-06T07:08:43.421Z - info: Serving "C:\repos\nus-cs2103-AY2021S1\cs2103-website\_site" at http://127.0.0.1:8080
2021-01-06T07:08:43.422Z - info: Press CTRL+C to stop ...
2021-01-06T07:14:08.456Z - info: Building C:\repos\nus-cs2103-AY2021S1\cs2103-website\schedule\week3\topics as some of its dependencies were changed since the last visit
2021-01-06T07:14:11.505Z - info: Site data built
2021-01-06T07:14:11.506Z - info: Lazy website regeneration complete! Total build time: 3.049s
2021-01-06T07:14:22.510Z - info: [3:14:22 PM] Reload for file change: C:\repos\nus-cs2103-AY2021S1\cs2103-website\_module-CS2103\weeklyTextbookTopics.mbdf
2021-01-06T07:14:23.515Z - info: Rebuilding 1 pages
2021-01-06T07:14:25.965Z - info: Site data built
2021-01-06T07:14:25.966Z - info: Pages rebuilt
2021-01-06T07:14:25.966Z - info: Website regeneration complete! Total build time: 2.453s
2021-01-06T07:14:58.303Z - info: [3:14:58 PM] Reload for file change: C:\repos\nus-cs2103-AY2021S1\cs2103-website\_module-CS2103\weeklyTextbookTopics.mbdf
2021-01-06T07:14:59.306Z - info: Rebuilding 1 pages
2021-01-06T07:15:02.130Z - info: Site data built
2021-01-06T07:15:02.131Z - info: Pages rebuilt
2021-01-06T07:15:02.132Z - info: Website regeneration complete! Total build time: 2.827s
2021-01-06T07:18:35.794Z - info: [3:18:35 PM] Reload for file change: C:\repos\nus-cs2103-AY2021S1\cs2103-website\_module-CS2103\weeklyTextbookTopics.mbdf
2021-01-06T07:18:36.798Z - info: Rebuilding 1 pages
2021-01-06T07:18:39.660Z - info: Site data built
2021-01-06T07:18:39.662Z - info: Pages rebuilt
2021-01-06T07:18:39.662Z - info: Website regeneration complete! Total build time: 2.865s
2021-01-06T07:20:16.599Z - info: Building C:\repos\nus-cs2103-AY2021S1\cs2103-website\schedule\week3\index as some of its dependencies were changed since the last visit
2021-01-06T07:20:17.719Z - info: Site data built
2021-01-06T07:20:17.720Z - info: Lazy website regeneration complete! Total build time: 1.123s
2021-01-06T07:21:58.159Z - info: [3:21:58 PM] Reload for file change: C:\repos\nus-cs2103-AY2021S1\cs2103-website\schedule\week3\notices-cs2103.mbdf
2021-01-06T07:21:59.162Z - info: No pages needed to be rebuilt
2021-01-06T07:22:16.549Z - info: Building C:\repos\nus-cs2103-AY2021S1\cs2103-website\schedule\week3\index as some of its dependencies were changed since the last visit
2021-01-06T07:22:17.440Z - info: Site data built
2021-01-06T07:22:17.440Z - info: Lazy website regeneration complete! Total build time: 0.892s
2021-01-06T07:22:32.459Z - info: [3:22:32 PM] Reload for file change: C:\repos\nus-cs2103-AY2021S1\cs2103-website\schedule\week3\notices-cs2103.mbdf
2021-01-06T07:22:33.466Z - info: No pages needed to be rebuilt
2021-01-06T07:22:47.278Z - info: Building C:\repos\nus-cs2103-AY2021S1\cs2103-website\schedule\week3\index as some of its dependencies were changed since the last visit
2021-01-06T07:22:48.366Z - info: Site data built
2021-01-06T07:22:48.367Z - info: Lazy website regeneration complete! Total build time: 1.09s
2021-01-06T07:26:33.008Z - info: [3:26:33 PM] Reload for file change: C:\repos\nus-cs2103-AY2021S1\cs2103-website\schedule\week3\notices-cs2103.mbdf
2021-01-06T07:26:34.012Z - info: No pages needed to be rebuilt
2021-01-06T07:26:37.040Z - info: Building C:\repos\nus-cs2103-AY2021S1\cs2103-website\schedule\week3\index as some of its dependencies were changed since the last visit
2021-01-06T07:26:37.744Z - info: Site data built
2021-01-06T07:26:37.745Z - info: Lazy website regeneration complete! Total build time: 0.705s
2021-01-06T07:27:17.191Z - info: [3:27:17 PM] Reload for file change: C:\repos\nus-cs2103-AY2021S1\cs2103-website\schedule\week3\notices-cs2103.mbdf
2021-01-06T07:27:18.197Z - info: No pages needed to be rebuilt
2021-01-06T07:27:22.035Z - info: Building C:\repos\nus-cs2103-AY2021S1\cs2103-website\schedule\week3\index as some of its dependencies were changed since the last visit
2021-01-06T07:27:23.113Z - info: Site data built
2021-01-06T07:27:23.113Z - info: Lazy website regeneration complete! Total build time: 1.078s
2021-01-06T07:27:40.001Z - info: [3:27:40 PM] Reload for file change: C:\repos\nus-cs2103-AY2021S1\cs2103-website\schedule\week3\notices-cs2103.mbdf
2021-01-06T07:27:41.006Z - info: No pages needed to be rebuilt
2021-01-06T07:27:45.939Z - info: Building C:\repos\nus-cs2103-AY2021S1\cs2103-website\schedule\week3\index as some of its dependencies were changed since the last visit
2021-01-06T07:27:46.742Z - info: Site data built
2021-01-06T07:27:46.742Z - info: Lazy website regeneration complete! Total build time: 0.804s
2021-01-06T07:29:23.807Z - info: [3:29:23 PM] Reload for file change: C:\repos\nus-cs2103-AY2021S1\cs2103-website\schedule\week3\notices-cs2103.mbdf
2021-01-06T07:29:24.818Z - info: No pages needed to be rebuilt
2021-01-06T07:29:28.503Z - info: Building C:\repos\nus-cs2103-AY2021S1\cs2103-website\schedule\week3\index as some of its dependencies were changed since the last visit
2021-01-06T07:29:29.625Z - info: Site data built
2021-01-06T07:29:29.625Z - info: Lazy website regeneration complete! Total build time: 1.122s
2021-01-06T07:29:48.547Z - info: [3:29:48 PM] Reload for file change: C:\repos\nus-cs2103-AY2021S1\cs2103-website\schedule\week3\notices-cs2103.mbdf
2021-01-06T07:29:49.552Z - info: No pages needed to be rebuilt
2021-01-06T07:30:04.356Z - info: [3:30:04 PM] Reload for file change: C:\repos\nus-cs2103-AY2021S1\cs2103-website\schedule\week3\notices-cs2103.mbdf
2021-01-06T07:30:05.361Z - info: No pages needed to be rebuilt
2021-01-06T07:30:07.729Z - info: Building C:\repos\nus-cs2103-AY2021S1\cs2103-website\schedule\week3\index as some of its dependencies were changed since the last visit
2021-01-06T07:30:08.409Z - info: Site data built
2021-01-06T07:30:08.409Z - info: Lazy website regeneration complete! Total build time: 0.681s
2021-01-06T07:31:29.495Z - info: Building C:\repos\nus-cs2103-AY2021S1\cs2103-website\admin\index as some of its dependencies were changed since the last visit
2021-01-06T07:31:30.120Z - info: Site data built
2021-01-06T07:31:30.120Z - info: Lazy website regeneration complete! Total build time: 0.626s
2021-01-06T07:31:34.797Z - info: Building C:\repos\nus-cs2103-AY2021S1\cs2103-website\admin\participation as some of its dependencies were changed since the last visit
2021-01-06T07:31:35.066Z - info: Site data built
2021-01-06T07:31:35.066Z - info: Lazy website regeneration complete! Total build time: 0.269s
2021-01-06T07:34:11.488Z - info: [3:34:11 PM] Reload for file change: C:\repos\nus-cs2103-AY2021S1\cs2103-website\admin\participation.md
2021-01-06T07:34:12.496Z - info: No pages needed to be rebuilt
2021-01-06T07:34:22.312Z - info: Building C:\repos\nus-cs2103-AY2021S1\cs2103-website\admin\participation as some of its dependencies were changed since the last visit
2021-01-06T07:34:22.660Z - info: Site data built
2021-01-06T07:34:22.660Z - info: Lazy website regeneration complete! Total build time: 0.348s
2021-01-06T07:36:05.628Z - info: [3:36:05 PM] Reload for file change: C:\repos\nus-cs2103-AY2021S1\cs2103-website\schedule\week3\notices-cs2103.mbdf
2021-01-06T07:36:06.630Z - info: No pages needed to be rebuilt
2021-01-06T07:37:16.533Z - info: [3:37:16 PM] Reload for file change: C:\repos\nus-cs2103-AY2021S1\cs2103-website\admin\participation.md
2021-01-06T07:37:17.535Z - info: No pages needed to be rebuilt
2021-01-06T07:37:19.576Z - info: Building C:\repos\nus-cs2103-AY2021S1\cs2103-website\admin\participation as some of its dependencies were changed since the last visit
2021-01-06T07:37:19.719Z - warn:  Template render error: (unknown path) [Line 83, Column 108]
  Template render error: (unknown path)
  Template render error: (unknown path)
  Template render error: (unknown path)
  Template render error: (unknown path) [Line 122, Column 9]
  Template render error: (unknown path) [Line 35, Column 52]
  Template render error: (unknown path)
  Template render error: (unknown path)
  Template render error: (unknown path)
  Template render error: (unknown path) [Line 70, Column 65]
  Template render error: (unknown path)
  Template render error: (unknown path)
  Template render error: (unknown path)
  Error: Unable to call `show_as_tab`, which is undefined or falsey
    at Object._prettifyError (C:\Users\damithch\AppData\Roaming\npm\node_modules\markbind-cli\node_modules\nunjucks\src\lib.js:36:11)
    at C:\Users\damithch\AppData\Roaming\npm\node_modules\markbind-cli\node_modules\@markbind\core\src\patches\nunjucks\context-overrides-frame.js:383:17
    at Template.root [as rootRenderFunc] (eval at _compile (C:\Users\damithch\AppData\Roaming\npm\node_modules\markbind-cli\node_modules\nunjucks\src\environment.js:631:18), <anonymous>:107:3)
    at Template.render (C:\Users\damithch\AppData\Roaming\npm\node_modules\markbind-cli\node_modules\@markbind\core\src\patches\nunjucks\context-overrides-frame.js:372:8)
    at Environment.renderString (C:\Users\damithch\AppData\Roaming\npm\node_modules\markbind-cli\node_modules\@markbind\core\src\patches\nunjucks\context-overrides-frame.js:77:15)
    at VariableRenderer.render (C:\Users\damithch\AppData\Roaming\npm\node_modules\markbind-cli\node_modules\@markbind\core\src\variables\VariableRenderer.js:96:17)
    at VariableProcessor.renderSiteVariables (C:\Users\damithch\AppData\Roaming\npm\node_modules\markbind-cli\node_modules\@markbind\core\src\variables\VariableProcessor.js:163:53)
    at VariableProcessor.renderPage (C:\Users\damithch\AppData\Roaming\npm\node_modules\markbind-cli\node_modules\@markbind\core\src\variables\VariableProcessor.js:448:17)
    at C:\Users\damithch\AppData\Roaming\npm\node_modules\markbind-cli\node_modules\@markbind\core\src\Page\index.js:878:57
2021-01-06T07:37:54.135Z - info: [3:37:54 PM] Reload for file change: C:\repos\nus-cs2103-AY2021S1\cs2103-website\admin\participation.md
2021-01-06T07:37:55.142Z - info: No pages needed to be rebuilt
2021-01-06T07:38:00.504Z - info: Building C:\repos\nus-cs2103-AY2021S1\cs2103-website\admin\participation as some of its dependencies were changed since the last visit
2021-01-06T07:38:00.868Z - info: Site data built
2021-01-06T07:38:00.868Z - info: Lazy website regeneration complete! Total build time: 0.365s
2021-01-06T07:38:16.006Z - info: [3:38:16 PM] Reload for file change: C:\repos\nus-cs2103-AY2021S1\cs2103-website\admin\participation.md
2021-01-06T07:38:17.021Z - info: Rebuilding 1 pages
2021-01-06T07:38:17.590Z - info: Site data built
2021-01-06T07:38:17.590Z - info: Pages rebuilt
2021-01-06T07:38:17.590Z - info: Website regeneration complete! Total build time: 0.575s
2021-01-06T07:38:22.702Z - info: [3:38:22 PM] Reload for file change: C:\repos\nus-cs2103-AY2021S1\cs2103-website\admin\participation.md
2021-01-06T07:38:23.706Z - info: Rebuilding 1 pages
2021-01-06T07:38:23.988Z - info: Site data built
2021-01-06T07:38:23.988Z - info: Pages rebuilt
2021-01-06T07:38:23.988Z - info: Website regeneration complete! Total build time: 0.284s
2021-01-06T07:38:34.008Z - info: Website generation (lazy) started at 3:38:33 PM
2021-01-06T07:38:43.020Z - info: Building assets...
2021-01-06T07:38:48.578Z - info: Assets built
2021-01-06T07:38:48.579Z - info: Generating landing page...
2021-01-06T07:38:49.885Z - info: Landing page built, other pages will be built as you navigate to them!
2021-01-06T07:38:50.424Z - info: Site data built
2021-01-06T07:38:50.424Z - info: Website generation (lazy) complete! Total build time: 16.453s
2021-01-06T07:38:51.451Z - info: Serving "C:\repos\nus-cs2103-AY2021S1\cs2103-website\_site" at http://127.0.0.1:8080
2021-01-06T07:38:51.451Z - info: Press CTRL+C to stop ...
2021-01-06T07:39:30.446Z - info: Building C:\repos\nus-cs2103-AY2021S1\cs2103-website\admin\participation as some of its dependencies were changed since the last visit
2021-01-06T07:39:30.935Z - info: Site data built
2021-01-06T07:39:30.935Z - info: Lazy website regeneration complete! Total build time: 0.49s
2021-01-06T07:41:09.370Z - info: [3:41:09 PM] Reload for file change: C:\repos\nus-cs2103-AY2021S1\cs2103-website\schedule\week3\notices-cs2103.mbdf
2021-01-06T07:41:09.371Z - info: [3:41:09 PM] Reload for file change: C:\repos\nus-cs2103-AY2021S1\cs2103-website\admin\participation.md
2021-01-06T07:41:10.390Z - info: Rebuilding 1 pages
2021-01-06T07:41:11.400Z - info: Site data built
2021-01-06T07:41:11.400Z - info: Pages rebuilt
2021-01-06T07:41:11.401Z - info: Website regeneration complete! Total build time: 1.017s
2021-01-06T07:41:12.545Z - info: Building C:\repos\nus-cs2103-AY2021S1\cs2103-website\admin\participation as some of its dependencies were changed since the last visit
2021-01-06T07:41:12.800Z - info: Site data built
2021-01-06T07:41:12.801Z - info: Lazy website regeneration complete! Total build time: 0.257s
2021-01-06T07:41:43.080Z - info: [3:41:43 PM] Reload for file change: C:\repos\nus-cs2103-AY2021S1\cs2103-website\admin\participation.md
2021-01-06T07:41:44.086Z - info: Rebuilding 1 pages
2021-01-06T07:41:45.297Z - info: Site data built
2021-01-06T07:41:45.298Z - info: Pages rebuilt
2021-01-06T07:41:45.298Z - info: Website regeneration complete! Total build time: 1.213s
2021-01-06T07:41:46.453Z - info: Building C:\repos\nus-cs2103-AY2021S1\cs2103-website\admin\participation as some of its dependencies were changed since the last visit
2021-01-06T07:41:46.702Z - info: Site data built
2021-01-06T07:41:46.702Z - info: Lazy website regeneration complete! Total build time: 0.249s
2021-01-06T07:41:49.820Z - info: [3:41:49 PM] Reload for file change: C:\repos\nus-cs2103-AY2021S1\cs2103-website\admin\participation.md
2021-01-06T07:41:50.824Z - info: Rebuilding 1 pages
2021-01-06T07:41:51.509Z - info: Site data built
2021-01-06T07:41:51.510Z - info: Pages rebuilt
2021-01-06T07:41:51.510Z - info: Website regeneration complete! Total build time: 0.689s
2021-01-06T07:41:52.647Z - info: Building C:\repos\nus-cs2103-AY2021S1\cs2103-website\admin\participation as some of its dependencies were changed since the last visit
2021-01-06T07:41:52.873Z - info: Site data built
2021-01-06T07:41:52.873Z - info: Lazy website regeneration complete! Total build time: 0.227s
2021-01-06T07:42:15.442Z - info: [3:42:15 PM] Reload for file change: C:\repos\nus-cs2103-AY2021S1\cs2103-website\admin\participation.md
2021-01-06T07:42:16.459Z - info: Rebuilding 1 pages
2021-01-06T07:42:17.498Z - info: Site data built
2021-01-06T07:42:17.499Z - info: Pages rebuilt
2021-01-06T07:42:17.499Z - info: Website regeneration complete! Total build time: 1.043s
2021-01-06T07:42:18.638Z - info: Building C:\repos\nus-cs2103-AY2021S1\cs2103-website\admin\participation as some of its dependencies were changed since the last visit
2021-01-06T07:42:18.847Z - info: Site data built
2021-01-06T07:42:18.847Z - info: Lazy website regeneration complete! Total build time: 0.209s
2021-01-06T07:42:45.214Z - info: [3:42:45 PM] Reload for file change: C:\repos\nus-cs2103-AY2021S1\cs2103-website\admin\participation.md
2021-01-06T07:42:46.223Z - info: Rebuilding 1 pages
2021-01-06T07:42:47.514Z - info: Site data built
2021-01-06T07:42:47.515Z - info: Pages rebuilt
2021-01-06T07:42:47.515Z - info: Website regeneration complete! Total build time: 1.297s
2021-01-06T07:42:48.628Z - info: Building C:\repos\nus-cs2103-AY2021S1\cs2103-website\admin\participation as some of its dependencies were changed since the last visit
2021-01-06T07:42:48.873Z - info: Site data built
2021-01-06T07:42:48.873Z - info: Lazy website regeneration complete! Total build time: 0.245s
2021-01-06T07:43:14.543Z - info: [3:43:14 PM] Reload for file change: C:\repos\nus-cs2103-AY2021S1\cs2103-website\schedule\week3\notices-cs2103.mbdf
2021-01-06T07:43:15.467Z - info: No pages needed to be rebuilt
2021-01-06T07:43:23.598Z - info: Building C:\repos\nus-cs2103-AY2021S1\cs2103-website\index as some of its dependencies were changed since the last visit
2021-01-06T07:43:24.388Z - info: Site data built
2021-01-06T07:43:24.388Z - info: Lazy website regeneration complete! Total build time: 0.791s
2021-01-06T07:43:36.110Z - info: [3:43:36 PM] Reload for file change: C:\repos\nus-cs2103-AY2021S1\cs2103-website\schedule\week3\notices-cs2103.mbdf
2021-01-06T07:43:37.113Z - info: No pages needed to be rebuilt
2021-01-06T07:43:45.881Z - info: Building C:\repos\nus-cs2103-AY2021S1\cs2103-website\index as some of its dependencies were changed since the last visit
2021-01-06T07:43:47.095Z - info: Site data built
2021-01-06T07:43:47.096Z - info: Lazy website regeneration complete! Total build time: 1.216s
2021-01-06T07:50:12.600Z - info: [3:50:12 PM] Reload for file change: C:\repos\nus-cs2103-AY2021S1\cs2103-website\schedule\week3\notices-cs2103.mbdf
2021-01-06T07:50:13.607Z - info: No pages needed to be rebuilt
2021-01-06T07:50:18.866Z - info: Building C:\repos\nus-cs2103-AY2021S1\cs2103-website\index as some of its dependencies were changed since the last visit
2021-01-06T07:50:19.748Z - info: Site data built
2021-01-06T07:50:19.748Z - info: Lazy website regeneration complete! Total build time: 0.882s
2021-01-06T07:51:28.249Z - info: [3:51:28 PM] Reload for file change: C:\repos\nus-cs2103-AY2021S1\cs2103-website\_markbind\variables.md
2021-01-06T07:51:29.254Z - info: Assets built
2021-01-06T07:54:31.353Z - info: Website generation started at 3:54:28 PM
2021-01-06T07:54:40.329Z - info: Building assets...
